# JRE version: Java(TM) SE Runtime Environment (8.0_25-b18) (build 1.8.0_25-b18)
# Java VM: Java HotSpot(TM) Client VM (25.25-b02 mixed mode windows-x86 )
Heap:
 def new generation   total 5952K, used 534K [0x04800000, 0x04e70000, 0x09d50000)
  eden space 5312K,   8% used [0x04800000, 0x0486f360, 0x04d30000)
  from space 640K,  14% used [0x04dd0000, 0x04de6860, 0x04e70000)
  to   space 640K,   0% used [0x04d30000, 0x04d30000, 0x04dd0000)
 tenured generation   total 13064K, used 7836K [0x09d50000, 0x0aa12000, 0x14800000)
   the space 13064K,  59% used [0x09d50000, 0x0a4f7180, 0x0a4f7200, 0x0aa12000)
 Metaspace       used 11554K, capacity 11679K, committed 11776K, reserved 12672K
GC Heap History (10 events):
Event: 23.203 GC heap before
{Heap before GC invocations=6 (full 0):
 def new generation   total 4928K, used 4927K [0x04800000, 0x04d50000, 0x09d50000)
  eden space 4416K, 100% used [0x04800000, 0x04c50000, 0x04c50000)
  from space 512K,  99% used [0x04c50000, 0x04ccff48, 0x04cd0000)
  to   space 512K,   0% used [0x04cd0000, 0x04cd0000, 0x04d50000)
 tenured generation   total 10944K, used 9182K [0x09d50000, 0x0a800000, 0x14800000)
   the space 10944K,  83% used [0x09d50000, 0x0a6479a8, 0x0a647a00, 0x0a800000)
 Metaspace       used 11579K, capacity 11716K, committed 11776K, reserved 12672K
Event: 23.206 GC heap after
Heap after GC invocations=7 (full 0):
 def new generation   total 4928K, used 339K [0x04800000, 0x04d50000, 0x09d50000)
  eden space 4416K,   0% used [0x04800000, 0x04800000, 0x04c50000)
  from space 512K,  66% used [0x04cd0000, 0x04d24c90, 0x04d50000)
  to   space 512K,   0% used [0x04c50000, 0x04c50000, 0x04cd0000)
 tenured generation   total 10944K, used 10876K [0x09d50000, 0x0a800000, 0x14800000)
   the space 10944K,  99% used [0x09d50000, 0x0a7ef190, 0x0a7ef200, 0x0a800000)
 Metaspace       used 11579K, capacity 11716K, committed 11776K, reserved 12672K
}
Event: 28.974 GC heap before
{Heap before GC invocations=7 (full 0):
 def new generation   total 4928K, used 4755K [0x04800000, 0x04d50000, 0x09d50000)
  eden space 4416K, 100% used [0x04800000, 0x04c50000, 0x04c50000)
  from space 512K,  66% used [0x04cd0000, 0x04d24c90, 0x04d50000)
  to   space 512K,   0% used [0x04c50000, 0x04c50000, 0x04cd0000)
 tenured generation   total 10944K, used 10876K [0x09d50000, 0x0a800000, 0x14800000)
   the space 10944K,  99% used [0x09d50000, 0x0a7ef190, 0x0a7ef200, 0x0a800000)
 Metaspace       used 11582K, capacity 11716K, committed 11776K, reserved 12672K
Event: 28.989 GC heap after
Heap after GC invocations=8 (full 1):
 def new generation   total 5952K, used 0K [0x04800000, 0x04e70000, 0x09d50000)
  eden space 5312K,   0% used [0x04800000, 0x04800000, 0x04d30000)
  from space 640K,   0% used [0x04d30000, 0x04d30000, 0x04dd0000)
  to   space 640K,   0% used [0x04dd0000, 0x04dd0000, 0x04e70000)
 tenured generation   total 13064K, used 7836K [0x09d50000, 0x0aa12000, 0x14800000)
   the space 13064K,  59% used [0x09d50000, 0x0a4f7180, 0x0a4f7200, 0x0aa12000)
 Metaspace       used 11551K, capacity 11676K, committed 11776K, reserved 12672K
}
Event: 35.751 GC heap before
{Heap before GC invocations=8 (full 1):
 def new generation   total 5952K, used 5312K [0x04800000, 0x04e70000, 0x09d50000)
  eden space 5312K, 100% used [0x04800000, 0x04d30000, 0x04d30000)
  from space 640K,   0% used [0x04d30000, 0x04d30000, 0x04dd0000)
  to   space 640K,   0% used [0x04dd0000, 0x04dd0000, 0x04e70000)
 tenured generation   total 13064K, used 7836K [0x09d50000, 0x0aa12000, 0x14800000)
   the space 13064K,  59% used [0x09d50000, 0x0a4f7180, 0x0a4f7200, 0x0aa12000)
 Metaspace       used 11551K, capacity 11676K, committed 11776K, reserved 12672K
Event: 35.753 GC heap after
Heap after GC invocations=9 (full 1):
 def new generation   total 5952K, used 103K [0x04800000, 0x04e70000, 0x09d50000)
  eden space 5312K,   0% used [0x04800000, 0x04800000, 0x04d30000)
  from space 640K,  16% used [0x04dd0000, 0x04de9c60, 0x04e70000)
  to   space 640K,   0% used [0x04d30000, 0x04d30000, 0x04dd0000)
 tenured generation   total 13064K, used 7836K [0x09d50000, 0x0aa12000, 0x14800000)
   the space 13064K,  59% used [0x09d50000, 0x0a4f7180, 0x0a4f7200, 0x0aa12000)
 Metaspace       used 11551K, capacity 11676K, committed 11776K, reserved 12672K
}
Event: 42.779 GC heap before
{Heap before GC invocations=9 (full 1):
 def new generation   total 5952K, used 5415K [0x04800000, 0x04e70000, 0x09d50000)
  eden space 5312K, 100% used [0x04800000, 0x04d30000, 0x04d30000)
  from space 640K,  16% used [0x04dd0000, 0x04de9c60, 0x04e70000)
  to   space 640K,   0% used [0x04d30000, 0x04d30000, 0x04dd0000)
 tenured generation   total 13064K, used 7836K [0x09d50000, 0x0aa12000, 0x14800000)
   the space 13064K,  59% used [0x09d50000, 0x0a4f7180, 0x0a4f7200, 0x0aa12000)
 Metaspace       used 11551K, capacity 11676K, committed 11776K, reserved 12672K
Event: 42.780 GC heap after
Heap after GC invocations=10 (full 1):
 def new generation   total 5952K, used 102K [0x04800000, 0x04e70000, 0x09d50000)
  eden space 5312K,   0% used [0x04800000, 0x04800000, 0x04d30000)
  from space 640K,  16% used [0x04d30000, 0x04d49ab0, 0x04dd0000)
  to   space 640K,   0% used [0x04dd0000, 0x04dd0000, 0x04e70000)
 tenured generation   total 13064K, used 7836K [0x09d50000, 0x0aa12000, 0x14800000)
   the space 13064K,  59% used [0x09d50000, 0x0a4f7180, 0x0a4f7200, 0x0aa12000)
 Metaspace       used 11551K, capacity 11676K, committed 11776K, reserved 12672K
}
Event: 48.302 GC heap before
{Heap before GC invocations=10 (full 1):
 def new generation   total 5952K, used 5414K [0x04800000, 0x04e70000, 0x09d50000)
  eden space 5312K, 100% used [0x04800000, 0x04d30000, 0x04d30000)
  from space 640K,  16% used [0x04d30000, 0x04d49ab0, 0x04dd0000)
  to   space 640K,   0% used [0x04dd0000, 0x04dd0000, 0x04e70000)
 tenured generation   total 13064K, used 7836K [0x09d50000, 0x0aa12000, 0x14800000)
   the space 13064K,  59% used [0x09d50000, 0x0a4f7180, 0x0a4f7200, 0x0aa12000)
 Metaspace       used 11551K, capacity 11676K, committed 11776K, reserved 12672K
Event: 48.304 GC heap after
Heap after GC invocations=11 (full 1):
 def new generation   total 5952K, used 90K [0x04800000, 0x04e70000, 0x09d50000)
  eden space 5312K,   0% used [0x04800000, 0x04800000, 0x04d30000)
  from space 640K,  14% used [0x04dd0000, 0x04de6860, 0x04e70000)
  to   space 640K,   0% used [0x04d30000, 0x04d30000, 0x04dd0000)
 tenured generation   total 13064K, used 7836K [0x09d50000, 0x0aa12000, 0x14800000)
   the space 13064K,  59% used [0x09d50000, 0x0a4f7180, 0x0a4f7200, 0x0aa12000)
 Metaspace       used 11551K, capacity 11676K, committed 11776K, reserved 12672K
}

