# JRE version: Java(TM) SE Runtime Environment (8.0_25-b18) (build 1.8.0_25-b18)
# Java VM: Java HotSpot(TM) Client VM (25.25-b02 mixed mode windows-x86 )
Heap:
 def new generation   total 5952K, used 715K [0x04800000, 0x04e70000, 0x09d50000)
  eden space 5312K,  13% used [0x04800000, 0x048b2d38, 0x04d30000)
  from space 640K,   0% used [0x04d30000, 0x04d30000, 0x04dd0000)
  to   space 640K,   0% used [0x04dd0000, 0x04dd0000, 0x04e70000)
 tenured generation   total 13012K, used 7806K [0x09d50000, 0x0aa05000, 0x14800000)
   the space 13012K,  59% used [0x09d50000, 0x0a4ef880, 0x0a4efa00, 0x0aa05000)
 Metaspace       used 11565K, capacity 11716K, committed 11776K, reserved 12672K
GC Heap History (10 events):
Event: 2.944 GC heap before
{Heap before GC invocations=3 (full 0):
 def new generation   total 4928K, used 4928K [0x04800000, 0x04d50000, 0x09d50000)
  eden space 4416K, 100% used [0x04800000, 0x04c50000, 0x04c50000)
  from space 512K, 100% used [0x04cd0000, 0x04d50000, 0x04d50000)
  to   space 512K,   0% used [0x04c50000, 0x04c50000, 0x04cd0000)
 tenured generation   total 10944K, used 4981K [0x09d50000, 0x0a800000, 0x14800000)
   the space 10944K,  45% used [0x09d50000, 0x0a22d798, 0x0a22d800, 0x0a800000)
 Metaspace       used 10419K, capacity 10521K, committed 10624K, reserved 10624K
Event: 2.949 GC heap after
Heap after GC invocations=4 (full 0):
 def new generation   total 4928K, used 512K [0x04800000, 0x04d50000, 0x09d50000)
  eden space 4416K,   0% used [0x04800000, 0x04800000, 0x04c50000)
  from space 512K, 100% used [0x04c50000, 0x04cd0000, 0x04cd0000)
  to   space 512K,   0% used [0x04cd0000, 0x04cd0000, 0x04d50000)
 tenured generation   total 10944K, used 7326K [0x09d50000, 0x0a800000, 0x14800000)
   the space 10944K,  66% used [0x09d50000, 0x0a477b78, 0x0a477c00, 0x0a800000)
 Metaspace       used 10419K, capacity 10521K, committed 10624K, reserved 10624K
}
Event: 19.547 GC heap before
{Heap before GC invocations=4 (full 0):
 def new generation   total 4928K, used 4928K [0x04800000, 0x04d50000, 0x09d50000)
  eden space 4416K, 100% used [0x04800000, 0x04c50000, 0x04c50000)
  from space 512K, 100% used [0x04c50000, 0x04cd0000, 0x04cd0000)
  to   space 512K,   0% used [0x04cd0000, 0x04cd0000, 0x04d50000)
 tenured generation   total 10944K, used 7326K [0x09d50000, 0x0a800000, 0x14800000)
   the space 10944K,  66% used [0x09d50000, 0x0a477b78, 0x0a477c00, 0x0a800000)
 Metaspace       used 10979K, capacity 11104K, committed 11264K, reserved 11648K
Event: 19.551 GC heap after
Heap after GC invocations=5 (full 0):
 def new generation   total 4928K, used 458K [0x04800000, 0x04d50000, 0x09d50000)
  eden space 4416K,   0% used [0x04800000, 0x04800000, 0x04c50000)
  from space 512K,  89% used [0x04cd0000, 0x04d428b0, 0x04d50000)
  to   space 512K,   0% used [0x04c50000, 0x04c50000, 0x04cd0000)
 tenured generation   total 10944K, used 8779K [0x09d50000, 0x0a800000, 0x14800000)
   the space 10944K,  80% used [0x09d50000, 0x0a5e2f80, 0x0a5e3000, 0x0a800000)
 Metaspace       used 10979K, capacity 11104K, committed 11264K, reserved 11648K
}
Event: 23.704 GC heap before
{Heap before GC invocations=5 (full 0):
 def new generation   total 4928K, used 4874K [0x04800000, 0x04d50000, 0x09d50000)
  eden space 4416K, 100% used [0x04800000, 0x04c50000, 0x04c50000)
  from space 512K,  89% used [0x04cd0000, 0x04d428b0, 0x04d50000)
  to   space 512K,   0% used [0x04c50000, 0x04c50000, 0x04cd0000)
 tenured generation   total 10944K, used 8779K [0x09d50000, 0x0a800000, 0x14800000)
   the space 10944K,  80% used [0x09d50000, 0x0a5e2f80, 0x0a5e3000, 0x0a800000)
 Metaspace       used 11344K, capacity 11456K, committed 11648K, reserved 11648K
Event: 23.707 GC heap after
Heap after GC invocations=6 (full 0):
 def new generation   total 4928K, used 460K [0x04800000, 0x04d50000, 0x09d50000)
  eden space 4416K,   0% used [0x04800000, 0x04800000, 0x04c50000)
  from space 512K,  89% used [0x04c50000, 0x04cc30d0, 0x04cd0000)
  to   space 512K,   0% used [0x04cd0000, 0x04cd0000, 0x04d50000)
 tenured generation   total 10944K, used 9084K [0x09d50000, 0x0a800000, 0x14800000)
   the space 10944K,  83% used [0x09d50000, 0x0a62f048, 0x0a62f200, 0x0a800000)
 Metaspace       used 11344K, capacity 11456K, committed 11648K, reserved 11648K
}
Event: 23.805 GC heap before
{Heap before GC invocations=6 (full 0):
 def new generation   total 4928K, used 4876K [0x04800000, 0x04d50000, 0x09d50000)
  eden space 4416K, 100% used [0x04800000, 0x04c50000, 0x04c50000)
  from space 512K,  89% used [0x04c50000, 0x04cc30d0, 0x04cd0000)
  to   space 512K,   0% used [0x04cd0000, 0x04cd0000, 0x04d50000)
 tenured generation   total 10944K, used 9084K [0x09d50000, 0x0a800000, 0x14800000)
   the space 10944K,  83% used [0x09d50000, 0x0a62f048, 0x0a62f200, 0x0a800000)
 Metaspace       used 11585K, capacity 11697K, committed 11776K, reserved 12672K
Event: 23.810 GC heap after
Heap after GC invocations=7 (full 0):
 def new generation   total 4928K, used 472K [0x04800000, 0x04d50000, 0x09d50000)
  eden space 4416K,   0% used [0x04800000, 0x04800000, 0x04c50000)
  from space 512K,  92% used [0x04cd0000, 0x04d46268, 0x04d50000)
  to   space 512K,   0% used [0x04c50000, 0x04c50000, 0x04cd0000)
 tenured generation   total 10944K, used 10714K [0x09d50000, 0x0a800000, 0x14800000)
   the space 10944K,  97% used [0x09d50000, 0x0a7c6b08, 0x0a7c6c00, 0x0a800000)
 Metaspace       used 11585K, capacity 11697K, committed 11776K, reserved 12672K
}
Event: 34.097 GC heap before
{Heap before GC invocations=7 (full 0):
 def new generation   total 4928K, used 4888K [0x04800000, 0x04d50000, 0x09d50000)
  eden space 4416K, 100% used [0x04800000, 0x04c50000, 0x04c50000)
  from space 512K,  92% used [0x04cd0000, 0x04d46268, 0x04d50000)
  to   space 512K,   0% used [0x04c50000, 0x04c50000, 0x04cd0000)
 tenured generation   total 10944K, used 10714K [0x09d50000, 0x0a800000, 0x14800000)
   the space 10944K,  97% used [0x09d50000, 0x0a7c6b08, 0x0a7c6c00, 0x0a800000)
 Metaspace       used 11603K, capacity 11766K, committed 11776K, reserved 12672K
Event: 34.114 GC heap after
Heap after GC invocations=8 (full 1):
 def new generation   total 5952K, used 0K [0x04800000, 0x04e70000, 0x09d50000)
  eden space 5312K,   0% used [0x04800000, 0x04800000, 0x04d30000)
  from space 640K,   0% used [0x04d30000, 0x04d30000, 0x04dd0000)
  to   space 640K,   0% used [0x04dd0000, 0x04dd0000, 0x04e70000)
 tenured generation   total 13012K, used 7806K [0x09d50000, 0x0aa05000, 0x14800000)
   the space 13012K,  59% used [0x09d50000, 0x0a4ef880, 0x0a4efa00, 0x0aa05000)
 Metaspace       used 11563K, capacity 11713K, committed 11776K, reserved 12672K
}

