# JRE version: Java(TM) SE Runtime Environment (8.0_25-b18) (build 1.8.0_25-b18)
# Java VM: Java HotSpot(TM) Client VM (25.25-b02 mixed mode windows-x86 )
Heap:
 def new generation   total 6080K, used 3134K [0x04800000, 0x04e90000, 0x09d50000)
  eden space 5440K,  55% used [0x04800000, 0x04af6d40, 0x04d50000)
  from space 640K,  15% used [0x04df0000, 0x04e08c18, 0x04e90000)
  to   space 640K,   0% used [0x04d50000, 0x04d50000, 0x04df0000)
 tenured generation   total 13280K, used 7965K [0x09d50000, 0x0aa48000, 0x14800000)
   the space 13280K,  59% used [0x09d50000, 0x0a517670, 0x0a517800, 0x0aa48000)
 Metaspace       used 11625K, capacity 11750K, committed 11904K, reserved 12672K
GC Heap History (10 events):
Event: 3.263 GC heap before
{Heap before GC invocations=3 (full 0):
 def new generation   total 4928K, used 4928K [0x04800000, 0x04d50000, 0x09d50000)
  eden space 4416K, 100% used [0x04800000, 0x04c50000, 0x04c50000)
  from space 512K, 100% used [0x04cd0000, 0x04d50000, 0x04d50000)
  to   space 512K,   0% used [0x04c50000, 0x04c50000, 0x04cd0000)
 tenured generation   total 10944K, used 4970K [0x09d50000, 0x0a800000, 0x14800000)
   the space 10944K,  45% used [0x09d50000, 0x0a22aaf0, 0x0a22ac00, 0x0a800000)
 Metaspace       used 10415K, capacity 10521K, committed 10624K, reserved 10624K
Event: 3.269 GC heap after
Heap after GC invocations=4 (full 0):
 def new generation   total 4928K, used 512K [0x04800000, 0x04d50000, 0x09d50000)
  eden space 4416K,   0% used [0x04800000, 0x04800000, 0x04c50000)
  from space 512K, 100% used [0x04c50000, 0x04cd0000, 0x04cd0000)
  to   space 512K,   0% used [0x04cd0000, 0x04cd0000, 0x04d50000)
 tenured generation   total 10944K, used 7322K [0x09d50000, 0x0a800000, 0x14800000)
   the space 10944K,  66% used [0x09d50000, 0x0a476970, 0x0a476a00, 0x0a800000)
 Metaspace       used 10415K, capacity 10521K, committed 10624K, reserved 10624K
}
Event: 12.187 GC heap before
{Heap before GC invocations=4 (full 0):
 def new generation   total 4928K, used 4928K [0x04800000, 0x04d50000, 0x09d50000)
  eden space 4416K, 100% used [0x04800000, 0x04c50000, 0x04c50000)
  from space 512K, 100% used [0x04c50000, 0x04cd0000, 0x04cd0000)
  to   space 512K,   0% used [0x04cd0000, 0x04cd0000, 0x04d50000)
 tenured generation   total 10944K, used 7322K [0x09d50000, 0x0a800000, 0x14800000)
   the space 10944K,  66% used [0x09d50000, 0x0a476970, 0x0a476a00, 0x0a800000)
 Metaspace       used 11127K, capacity 11232K, committed 11392K, reserved 11648K
Event: 12.191 GC heap after
Heap after GC invocations=5 (full 0):
 def new generation   total 4928K, used 512K [0x04800000, 0x04d50000, 0x09d50000)
  eden space 4416K,   0% used [0x04800000, 0x04800000, 0x04c50000)
  from space 512K, 100% used [0x04cd0000, 0x04d50000, 0x04d50000)
  to   space 512K,   0% used [0x04c50000, 0x04c50000, 0x04cd0000)
 tenured generation   total 10944K, used 9052K [0x09d50000, 0x0a800000, 0x14800000)
   the space 10944K,  82% used [0x09d50000, 0x0a6270f0, 0x0a627200, 0x0a800000)
 Metaspace       used 11127K, capacity 11232K, committed 11392K, reserved 11648K
}
Event: 12.345 GC heap before
{Heap before GC invocations=5 (full 0):
 def new generation   total 4928K, used 4873K [0x04800000, 0x04d50000, 0x09d50000)
  eden space 4416K,  98% used [0x04800000, 0x04c42640, 0x04c50000)
  from space 512K, 100% used [0x04cd0000, 0x04d50000, 0x04d50000)
  to   space 512K,   0% used [0x04c50000, 0x04c50000, 0x04cd0000)
 tenured generation   total 10944K, used 9052K [0x09d50000, 0x0a800000, 0x14800000)
   the space 10944K,  82% used [0x09d50000, 0x0a6270f0, 0x0a627200, 0x0a800000)
 Metaspace       used 11479K, capacity 11587K, committed 11776K, reserved 12672K
Event: 12.352 GC heap after
Heap after GC invocations=6 (full 0):
 def new generation   total 4928K, used 495K [0x04800000, 0x04d50000, 0x09d50000)
  eden space 4416K,   0% used [0x04800000, 0x04800000, 0x04c50000)
  from space 512K,  96% used [0x04c50000, 0x04ccbd40, 0x04cd0000)
  to   space 512K,   0% used [0x04cd0000, 0x04cd0000, 0x04d50000)
 tenured generation   total 10944K, used 10451K [0x09d50000, 0x0a800000, 0x14800000)
   the space 10944K,  95% used [0x09d50000, 0x0a784c40, 0x0a784e00, 0x0a800000)
 Metaspace       used 11479K, capacity 11587K, committed 11776K, reserved 12672K
}
Event: 14.536 GC heap before
{Heap before GC invocations=6 (full 0):
 def new generation   total 4928K, used 4911K [0x04800000, 0x04d50000, 0x09d50000)
  eden space 4416K, 100% used [0x04800000, 0x04c50000, 0x04c50000)
  from space 512K,  96% used [0x04c50000, 0x04ccbd40, 0x04cd0000)
  to   space 512K,   0% used [0x04cd0000, 0x04cd0000, 0x04d50000)
 tenured generation   total 10944K, used 10451K [0x09d50000, 0x0a800000, 0x14800000)
   the space 10944K,  95% used [0x09d50000, 0x0a784c40, 0x0a784e00, 0x0a800000)
 Metaspace       used 11574K, capacity 11726K, committed 11776K, reserved 12672K
Event: 14.571 GC heap after
Heap after GC invocations=7 (full 1):
 def new generation   total 6080K, used 0K [0x04800000, 0x04e90000, 0x09d50000)
  eden space 5440K,   0% used [0x04800000, 0x04800000, 0x04d50000)
  from space 640K,   0% used [0x04d50000, 0x04d50000, 0x04df0000)
  to   space 640K,   0% used [0x04df0000, 0x04df0000, 0x04e90000)
 tenured generation   total 13280K, used 7965K [0x09d50000, 0x0aa48000, 0x14800000)
   the space 13280K,  59% used [0x09d50000, 0x0a517670, 0x0a517800, 0x0aa48000)
 Metaspace       used 11567K, capacity 11716K, committed 11776K, reserved 12672K
}
Event: 20.160 GC heap before
{Heap before GC invocations=7 (full 1):
 def new generation   total 6080K, used 5440K [0x04800000, 0x04e90000, 0x09d50000)
  eden space 5440K, 100% used [0x04800000, 0x04d50000, 0x04d50000)
  from space 640K,   0% used [0x04d50000, 0x04d50000, 0x04df0000)
  to   space 640K,   0% used [0x04df0000, 0x04df0000, 0x04e90000)
 tenured generation   total 13280K, used 7965K [0x09d50000, 0x0aa48000, 0x14800000)
   the space 13280K,  59% used [0x09d50000, 0x0a517670, 0x0a517800, 0x0aa48000)
 Metaspace       used 11620K, capacity 11748K, committed 11904K, reserved 12672K
Event: 20.162 GC heap after
Heap after GC invocations=8 (full 1):
 def new generation   total 6080K, used 99K [0x04800000, 0x04e90000, 0x09d50000)
  eden space 5440K,   0% used [0x04800000, 0x04800000, 0x04d50000)
  from space 640K,  15% used [0x04df0000, 0x04e08c18, 0x04e90000)
  to   space 640K,   0% used [0x04d50000, 0x04d50000, 0x04df0000)
 tenured generation   total 13280K, used 7965K [0x09d50000, 0x0aa48000, 0x14800000)
   the space 13280K,  59% used [0x09d50000, 0x0a517670, 0x0a517800, 0x0aa48000)
 Metaspace       used 11620K, capacity 11748K, committed 11904K, reserved 12672K
}

