# JRE version: Java(TM) SE Runtime Environment (8.0_25-b18) (build 1.8.0_25-b18)
# Java VM: Java HotSpot(TM) Client VM (25.25-b02 mixed mode windows-x86 )
Heap:
 def new generation   total 6144K, used 5509K [0x04800000, 0x04ea0000, 0x09d50000)
  eden space 5504K,  96% used [0x04800000, 0x04d358e8, 0x04d60000)
  from space 640K,  27% used [0x04d60000, 0x04d8bcf0, 0x04e00000)
  to   space 640K,   0% used [0x04e00000, 0x04e00000, 0x04ea0000)
 tenured generation   total 13372K, used 8021K [0x09d50000, 0x0aa5f000, 0x14800000)
   the space 13372K,  59% used [0x09d50000, 0x0a525460, 0x0a525600, 0x0aa5f000)
 Metaspace       used 11362K, capacity 11494K, committed 11520K, reserved 11648K
GC Heap History (10 events):
Event: 37.778 GC heap before
{Heap before GC invocations=5 (full 0):
 def new generation   total 4928K, used 4928K [0x04800000, 0x04d50000, 0x09d50000)
  eden space 4416K, 100% used [0x04800000, 0x04c50000, 0x04c50000)
  from space 512K, 100% used [0x04cd0000, 0x04d50000, 0x04d50000)
  to   space 512K,   0% used [0x04c50000, 0x04c50000, 0x04cd0000)
 tenured generation   total 10944K, used 7429K [0x09d50000, 0x0a800000, 0x14800000)
   the space 10944K,  67% used [0x09d50000, 0x0a491670, 0x0a491800, 0x0a800000)
 Metaspace       used 10880K, capacity 10974K, committed 11136K, reserved 11648K
Event: 37.784 GC heap after
Heap after GC invocations=6 (full 0):
 def new generation   total 4928K, used 512K [0x04800000, 0x04d50000, 0x09d50000)
  eden space 4416K,   0% used [0x04800000, 0x04800000, 0x04c50000)
  from space 512K, 100% used [0x04c50000, 0x04cd0000, 0x04cd0000)
  to   space 512K,   0% used [0x04cd0000, 0x04cd0000, 0x04d50000)
 tenured generation   total 10944K, used 9042K [0x09d50000, 0x0a800000, 0x14800000)
   the space 10944K,  82% used [0x09d50000, 0x0a624a30, 0x0a624c00, 0x0a800000)
 Metaspace       used 10880K, capacity 10974K, committed 11136K, reserved 11648K
}
Event: 37.901 GC heap before
{Heap before GC invocations=6 (full 0):
 def new generation   total 4928K, used 4926K [0x04800000, 0x04d50000, 0x09d50000)
  eden space 4416K,  99% used [0x04800000, 0x04c4fa68, 0x04c50000)
  from space 512K, 100% used [0x04c50000, 0x04cd0000, 0x04cd0000)
  to   space 512K,   0% used [0x04cd0000, 0x04cd0000, 0x04d50000)
 tenured generation   total 10944K, used 9044K [0x09d50000, 0x0a800000, 0x14800000)
   the space 10944K,  82% used [0x09d50000, 0x0a625380, 0x0a625400, 0x0a800000)
 Metaspace       used 11239K, capacity 11363K, committed 11520K, reserved 11648K
Event: 37.904 GC heap after
Heap after GC invocations=7 (full 0):
 def new generation   total 4928K, used 399K [0x04800000, 0x04d50000, 0x09d50000)
  eden space 4416K,   0% used [0x04800000, 0x04800000, 0x04c50000)
  from space 512K,  78% used [0x04cd0000, 0x04d33f40, 0x04d50000)
  to   space 512K,   0% used [0x04c50000, 0x04c50000, 0x04cd0000)
 tenured generation   total 10944K, used 10398K [0x09d50000, 0x0a800000, 0x14800000)
   the space 10944K,  95% used [0x09d50000, 0x0a7779c0, 0x0a777a00, 0x0a800000)
 Metaspace       used 11239K, capacity 11363K, committed 11520K, reserved 11648K
}
Event: 41.114 GC heap before
{Heap before GC invocations=7 (full 0):
 def new generation   total 4928K, used 4815K [0x04800000, 0x04d50000, 0x09d50000)
  eden space 4416K, 100% used [0x04800000, 0x04c50000, 0x04c50000)
  from space 512K,  78% used [0x04cd0000, 0x04d33f40, 0x04d50000)
  to   space 512K,   0% used [0x04c50000, 0x04c50000, 0x04cd0000)
 tenured generation   total 10944K, used 10398K [0x09d50000, 0x0a800000, 0x14800000)
   the space 10944K,  95% used [0x09d50000, 0x0a7779c0, 0x0a777a00, 0x0a800000)
 Metaspace       used 11378K, capacity 11519K, committed 11520K, reserved 11648K
Event: 41.138 GC heap after
Heap after GC invocations=8 (full 1):
 def new generation   total 6144K, used 0K [0x04800000, 0x04ea0000, 0x09d50000)
  eden space 5504K,   0% used [0x04800000, 0x04800000, 0x04d60000)
  from space 640K,   0% used [0x04d60000, 0x04d60000, 0x04e00000)
  to   space 640K,   0% used [0x04e00000, 0x04e00000, 0x04ea0000)
 tenured generation   total 13372K, used 8021K [0x09d50000, 0x0aa5f000, 0x14800000)
   the space 13372K,  59% used [0x09d50000, 0x0a525460, 0x0a525600, 0x0aa5f000)
 Metaspace       used 11358K, capacity 11492K, committed 11520K, reserved 11648K
}
Event: 45.985 GC heap before
{Heap before GC invocations=8 (full 1):
 def new generation   total 6144K, used 5504K [0x04800000, 0x04ea0000, 0x09d50000)
  eden space 5504K, 100% used [0x04800000, 0x04d60000, 0x04d60000)
  from space 640K,   0% used [0x04d60000, 0x04d60000, 0x04e00000)
  to   space 640K,   0% used [0x04e00000, 0x04e00000, 0x04ea0000)
 tenured generation   total 13372K, used 8021K [0x09d50000, 0x0aa5f000, 0x14800000)
   the space 13372K,  59% used [0x09d50000, 0x0a525460, 0x0a525600, 0x0aa5f000)
 Metaspace       used 11358K, capacity 11492K, committed 11520K, reserved 11648K
Event: 45.988 GC heap after
Heap after GC invocations=9 (full 1):
 def new generation   total 6144K, used 170K [0x04800000, 0x04ea0000, 0x09d50000)
  eden space 5504K,   0% used [0x04800000, 0x04800000, 0x04d60000)
  from space 640K,  26% used [0x04e00000, 0x04e2a858, 0x04ea0000)
  to   space 640K,   0% used [0x04d60000, 0x04d60000, 0x04e00000)
 tenured generation   total 13372K, used 8021K [0x09d50000, 0x0aa5f000, 0x14800000)
   the space 13372K,  59% used [0x09d50000, 0x0a525460, 0x0a525600, 0x0aa5f000)
 Metaspace       used 11358K, capacity 11492K, committed 11520K, reserved 11648K
}
Event: 52.510 GC heap before
{Heap before GC invocations=9 (full 1):
 def new generation   total 6144K, used 5674K [0x04800000, 0x04ea0000, 0x09d50000)
  eden space 5504K, 100% used [0x04800000, 0x04d60000, 0x04d60000)
  from space 640K,  26% used [0x04e00000, 0x04e2a858, 0x04ea0000)
  to   space 640K,   0% used [0x04d60000, 0x04d60000, 0x04e00000)
 tenured generation   total 13372K, used 8021K [0x09d50000, 0x0aa5f000, 0x14800000)
   the space 13372K,  59% used [0x09d50000, 0x0a525460, 0x0a525600, 0x0aa5f000)
 Metaspace       used 11359K, capacity 11492K, committed 11520K, reserved 11648K
Event: 52.512 GC heap after
Heap after GC invocations=10 (full 1):
 def new generation   total 6144K, used 175K [0x04800000, 0x04ea0000, 0x09d50000)
  eden space 5504K,   0% used [0x04800000, 0x04800000, 0x04d60000)
  from space 640K,  27% used [0x04d60000, 0x04d8bcf0, 0x04e00000)
  to   space 640K,   0% used [0x04e00000, 0x04e00000, 0x04ea0000)
 tenured generation   total 13372K, used 8021K [0x09d50000, 0x0aa5f000, 0x14800000)
   the space 13372K,  59% used [0x09d50000, 0x0a525460, 0x0a525600, 0x0aa5f000)
 Metaspace       used 11359K, capacity 11492K, committed 11520K, reserved 11648K
}

