# JRE version: Java(TM) SE Runtime Environment (8.0_25-b18) (build 1.8.0_25-b18)
# Java VM: Java HotSpot(TM) Client VM (25.25-b02 mixed mode windows-x86 )
Heap:
 def new generation   total 6080K, used 803K [0x04800000, 0x04e90000, 0x09d50000)
  eden space 5440K,  12% used [0x04800000, 0x048ad0a8, 0x04d50000)
  from space 640K,  17% used [0x04df0000, 0x04e0bbb0, 0x04e90000)
  to   space 640K,   0% used [0x04d50000, 0x04d50000, 0x04df0000)
 tenured generation   total 13244K, used 7944K [0x09d50000, 0x0aa3f000, 0x14800000)
   the space 13244K,  59% used [0x09d50000, 0x0a5120f8, 0x0a512200, 0x0aa3f000)
 Metaspace       used 11440K, capacity 11590K, committed 11648K, reserved 11648K
GC Heap History (10 events):
Event: 12.719 GC heap before
{Heap before GC invocations=4 (full 0):
 def new generation   total 4928K, used 4928K [0x04800000, 0x04d50000, 0x09d50000)
  eden space 4416K, 100% used [0x04800000, 0x04c50000, 0x04c50000)
  from space 512K, 100% used [0x04c50000, 0x04cd0000, 0x04cd0000)
  to   space 512K,   0% used [0x04cd0000, 0x04cd0000, 0x04d50000)
 tenured generation   total 10944K, used 6817K [0x09d50000, 0x0a800000, 0x14800000)
   the space 10944K,  62% used [0x09d50000, 0x0a3f84a0, 0x0a3f8600, 0x0a800000)
 Metaspace       used 10864K, capacity 10974K, committed 11136K, reserved 11648K
Event: 12.725 GC heap after
Heap after GC invocations=5 (full 0):
 def new generation   total 4928K, used 512K [0x04800000, 0x04d50000, 0x09d50000)
  eden space 4416K,   0% used [0x04800000, 0x04800000, 0x04c50000)
  from space 512K, 100% used [0x04cd0000, 0x04d50000, 0x04d50000)
  to   space 512K,   0% used [0x04c50000, 0x04c50000, 0x04cd0000)
 tenured generation   total 10944K, used 8876K [0x09d50000, 0x0a800000, 0x14800000)
   the space 10944K,  81% used [0x09d50000, 0x0a5fb2a0, 0x0a5fb400, 0x0a800000)
 Metaspace       used 10864K, capacity 10974K, committed 11136K, reserved 11648K
}
Event: 12.876 GC heap before
{Heap before GC invocations=5 (full 0):
 def new generation   total 4928K, used 4428K [0x04800000, 0x04d50000, 0x09d50000)
  eden space 4416K,  88% used [0x04800000, 0x04bd33a0, 0x04c50000)
  from space 512K, 100% used [0x04cd0000, 0x04d50000, 0x04d50000)
  to   space 512K,   0% used [0x04c50000, 0x04c50000, 0x04cd0000)
 tenured generation   total 10944K, used 8876K [0x09d50000, 0x0a800000, 0x14800000)
   the space 10944K,  81% used [0x09d50000, 0x0a5fb2a0, 0x0a5fb400, 0x0a800000)
 Metaspace       used 11241K, capacity 11363K, committed 11520K, reserved 11648K
Event: 12.879 GC heap after
Heap after GC invocations=6 (full 0):
 def new generation   total 4928K, used 475K [0x04800000, 0x04d50000, 0x09d50000)
  eden space 4416K,   0% used [0x04800000, 0x04800000, 0x04c50000)
  from space 512K,  92% used [0x04c50000, 0x04cc6fb8, 0x04cd0000)
  to   space 512K,   0% used [0x04cd0000, 0x04cd0000, 0x04d50000)
 tenured generation   total 10944K, used 9230K [0x09d50000, 0x0a800000, 0x14800000)
   the space 10944K,  84% used [0x09d50000, 0x0a653ae0, 0x0a653c00, 0x0a800000)
 Metaspace       used 11241K, capacity 11363K, committed 11520K, reserved 11648K
}
Event: 13.007 GC heap before
{Heap before GC invocations=6 (full 0):
 def new generation   total 4928K, used 4891K [0x04800000, 0x04d50000, 0x09d50000)
  eden space 4416K, 100% used [0x04800000, 0x04c50000, 0x04c50000)
  from space 512K,  92% used [0x04c50000, 0x04cc6fb8, 0x04cd0000)
  to   space 512K,   0% used [0x04cd0000, 0x04cd0000, 0x04d50000)
 tenured generation   total 10944K, used 9230K [0x09d50000, 0x0a800000, 0x14800000)
   the space 10944K,  84% used [0x09d50000, 0x0a653ae0, 0x0a653c00, 0x0a800000)
 Metaspace       used 11360K, capacity 11497K, committed 11520K, reserved 11648K
Event: 13.010 GC heap after
Heap after GC invocations=7 (full 0):
 def new generation   total 4928K, used 329K [0x04800000, 0x04d50000, 0x09d50000)
  eden space 4416K,   0% used [0x04800000, 0x04800000, 0x04c50000)
  from space 512K,  64% used [0x04cd0000, 0x04d22440, 0x04d50000)
  to   space 512K,   0% used [0x04c50000, 0x04c50000, 0x04cd0000)
 tenured generation   total 10944K, used 10894K [0x09d50000, 0x0a800000, 0x14800000)
   the space 10944K,  99% used [0x09d50000, 0x0a7f3b00, 0x0a7f3c00, 0x0a800000)
 Metaspace       used 11360K, capacity 11497K, committed 11520K, reserved 11648K
}
Event: 18.021 GC heap before
{Heap before GC invocations=7 (full 0):
 def new generation   total 4928K, used 4745K [0x04800000, 0x04d50000, 0x09d50000)
  eden space 4416K, 100% used [0x04800000, 0x04c50000, 0x04c50000)
  from space 512K,  64% used [0x04cd0000, 0x04d22440, 0x04d50000)
  to   space 512K,   0% used [0x04c50000, 0x04c50000, 0x04cd0000)
 tenured generation   total 10944K, used 10894K [0x09d50000, 0x0a800000, 0x14800000)
   the space 10944K,  99% used [0x09d50000, 0x0a7f3b00, 0x0a7f3c00, 0x0a800000)
 Metaspace       used 11436K, capacity 11593K, committed 11648K, reserved 11648K
Event: 18.038 GC heap after
Heap after GC invocations=8 (full 1):
 def new generation   total 6080K, used 0K [0x04800000, 0x04e90000, 0x09d50000)
  eden space 5440K,   0% used [0x04800000, 0x04800000, 0x04d50000)
  from space 640K,   0% used [0x04d50000, 0x04d50000, 0x04df0000)
  to   space 640K,   0% used [0x04df0000, 0x04df0000, 0x04e90000)
 tenured generation   total 13244K, used 7944K [0x09d50000, 0x0aa3f000, 0x14800000)
   the space 13244K,  59% used [0x09d50000, 0x0a5120f8, 0x0a512200, 0x0aa3f000)
 Metaspace       used 11433K, capacity 11588K, committed 11648K, reserved 11648K
}
Event: 24.098 GC heap before
{Heap before GC invocations=8 (full 1):
 def new generation   total 6080K, used 5440K [0x04800000, 0x04e90000, 0x09d50000)
  eden space 5440K, 100% used [0x04800000, 0x04d50000, 0x04d50000)
  from space 640K,   0% used [0x04d50000, 0x04d50000, 0x04df0000)
  to   space 640K,   0% used [0x04df0000, 0x04df0000, 0x04e90000)
 tenured generation   total 13244K, used 7944K [0x09d50000, 0x0aa3f000, 0x14800000)
   the space 13244K,  59% used [0x09d50000, 0x0a5120f8, 0x0a512200, 0x0aa3f000)
 Metaspace       used 11437K, capacity 11588K, committed 11648K, reserved 11648K
Event: 24.100 GC heap after
Heap after GC invocations=9 (full 1):
 def new generation   total 6080K, used 110K [0x04800000, 0x04e90000, 0x09d50000)
  eden space 5440K,   0% used [0x04800000, 0x04800000, 0x04d50000)
  from space 640K,  17% used [0x04df0000, 0x04e0bbb0, 0x04e90000)
  to   space 640K,   0% used [0x04d50000, 0x04d50000, 0x04df0000)
 tenured generation   total 13244K, used 7944K [0x09d50000, 0x0aa3f000, 0x14800000)
   the space 13244K,  59% used [0x09d50000, 0x0a5120f8, 0x0a512200, 0x0aa3f000)
 Metaspace       used 11437K, capacity 11588K, committed 11648K, reserved 11648K
}

