# JRE version: Java(TM) SE Runtime Environment (8.0_25-b18) (build 1.8.0_25-b18)
# Java VM: Java HotSpot(TM) Client VM (25.25-b02 mixed mode windows-x86 )
Heap:
 def new generation   total 5888K, used 944K [0x04800000, 0x04e60000, 0x09d50000)
  eden space 5248K,  15% used [0x04800000, 0x048c7850, 0x04d20000)
  from space 640K,  22% used [0x04d20000, 0x04d44990, 0x04dc0000)
  to   space 640K,   0% used [0x04dc0000, 0x04dc0000, 0x04e60000)
 tenured generation   total 12948K, used 7768K [0x09d50000, 0x0a9f5000, 0x14800000)
   the space 12948K,  59% used [0x09d50000, 0x0a4e6238, 0x0a4e6400, 0x0a9f5000)
 Metaspace       used 11423K, capacity 11553K, committed 11648K, reserved 11648K
GC Heap History (10 events):
Event: 20.469 GC heap before
{Heap before GC invocations=6 (full 0):
 def new generation   total 4928K, used 4887K [0x04800000, 0x04d50000, 0x09d50000)
  eden space 4416K, 100% used [0x04800000, 0x04c50000, 0x04c50000)
  from space 512K,  92% used [0x04c50000, 0x04cc5ea8, 0x04cd0000)
  to   space 512K,   0% used [0x04cd0000, 0x04cd0000, 0x04d50000)
 tenured generation   total 10944K, used 9218K [0x09d50000, 0x0a800000, 0x14800000)
   the space 10944K,  84% used [0x09d50000, 0x0a650ac8, 0x0a650c00, 0x0a800000)
 Metaspace       used 11442K, capacity 11593K, committed 11648K, reserved 11648K
Event: 20.472 GC heap after
Heap after GC invocations=7 (full 0):
 def new generation   total 4928K, used 212K [0x04800000, 0x04d50000, 0x09d50000)
  eden space 4416K,   0% used [0x04800000, 0x04800000, 0x04c50000)
  from space 512K,  41% used [0x04cd0000, 0x04d05130, 0x04d50000)
  to   space 512K,   0% used [0x04c50000, 0x04c50000, 0x04cd0000)
 tenured generation   total 10944K, used 10879K [0x09d50000, 0x0a800000, 0x14800000)
   the space 10944K,  99% used [0x09d50000, 0x0a7eff58, 0x0a7f0000, 0x0a800000)
 Metaspace       used 11442K, capacity 11593K, committed 11648K, reserved 11648K
}
Event: 25.488 GC heap before
{Heap before GC invocations=7 (full 0):
 def new generation   total 4928K, used 4628K [0x04800000, 0x04d50000, 0x09d50000)
  eden space 4416K, 100% used [0x04800000, 0x04c50000, 0x04c50000)
  from space 512K,  41% used [0x04cd0000, 0x04d05130, 0x04d50000)
  to   space 512K,   0% used [0x04c50000, 0x04c50000, 0x04cd0000)
 tenured generation   total 10944K, used 10879K [0x09d50000, 0x0a800000, 0x14800000)
   the space 10944K,  99% used [0x09d50000, 0x0a7eff58, 0x0a7f0000, 0x0a800000)
 Metaspace       used 11452K, capacity 11593K, committed 11648K, reserved 11648K
Event: 25.490 GC heap after
Heap after GC invocations=8 (full 0):
 def new generation   total 4928K, used 300K [0x04800000, 0x04d50000, 0x09d50000)
  eden space 4416K,   0% used [0x04800000, 0x04800000, 0x04c50000)
  from space 512K,  58% used [0x04c50000, 0x04c9b158, 0x04cd0000)
  to   space 512K,   0% used [0x04cd0000, 0x04cd0000, 0x04d50000)
 tenured generation   total 10944K, used 10879K [0x09d50000, 0x0a800000, 0x14800000)
   the space 10944K,  99% used [0x09d50000, 0x0a7eff58, 0x0a7f0000, 0x0a800000)
 Metaspace       used 11452K, capacity 11593K, committed 11648K, reserved 11648K
}
Event: 31.010 GC heap before
{Heap before GC invocations=8 (full 0):
 def new generation   total 4928K, used 4716K [0x04800000, 0x04d50000, 0x09d50000)
  eden space 4416K, 100% used [0x04800000, 0x04c50000, 0x04c50000)
  from space 512K,  58% used [0x04c50000, 0x04c9b158, 0x04cd0000)
  to   space 512K,   0% used [0x04cd0000, 0x04cd0000, 0x04d50000)
 tenured generation   total 10944K, used 10879K [0x09d50000, 0x0a800000, 0x14800000)
   the space 10944K,  99% used [0x09d50000, 0x0a7eff58, 0x0a7f0000, 0x0a800000)
 Metaspace       used 11452K, capacity 11593K, committed 11648K, reserved 11648K
Event: 31.025 GC heap after
Heap after GC invocations=9 (full 1):
 def new generation   total 5888K, used 0K [0x04800000, 0x04e60000, 0x09d50000)
  eden space 5248K,   0% used [0x04800000, 0x04800000, 0x04d20000)
  from space 640K,   0% used [0x04d20000, 0x04d20000, 0x04dc0000)
  to   space 640K,   0% used [0x04dc0000, 0x04dc0000, 0x04e60000)
 tenured generation   total 12948K, used 7768K [0x09d50000, 0x0a9f5000, 0x14800000)
   the space 12948K,  59% used [0x09d50000, 0x0a4e6238, 0x0a4e6400, 0x0a9f5000)
 Metaspace       used 11418K, capacity 11548K, committed 11648K, reserved 11648K
}
Event: 38.037 GC heap before
{Heap before GC invocations=9 (full 1):
 def new generation   total 5888K, used 5248K [0x04800000, 0x04e60000, 0x09d50000)
  eden space 5248K, 100% used [0x04800000, 0x04d20000, 0x04d20000)
  from space 640K,   0% used [0x04d20000, 0x04d20000, 0x04dc0000)
  to   space 640K,   0% used [0x04dc0000, 0x04dc0000, 0x04e60000)
 tenured generation   total 12948K, used 7768K [0x09d50000, 0x0a9f5000, 0x14800000)
   the space 12948K,  59% used [0x09d50000, 0x0a4e6238, 0x0a4e6400, 0x0a9f5000)
 Metaspace       used 11418K, capacity 11548K, committed 11648K, reserved 11648K
Event: 38.038 GC heap after
Heap after GC invocations=10 (full 1):
 def new generation   total 5888K, used 103K [0x04800000, 0x04e60000, 0x09d50000)
  eden space 5248K,   0% used [0x04800000, 0x04800000, 0x04d20000)
  from space 640K,  16% used [0x04dc0000, 0x04dd9c78, 0x04e60000)
  to   space 640K,   0% used [0x04d20000, 0x04d20000, 0x04dc0000)
 tenured generation   total 12948K, used 7768K [0x09d50000, 0x0a9f5000, 0x14800000)
   the space 12948K,  59% used [0x09d50000, 0x0a4e6238, 0x0a4e6400, 0x0a9f5000)
 Metaspace       used 11418K, capacity 11548K, committed 11648K, reserved 11648K
}
Event: 43.308 GC heap before
{Heap before GC invocations=10 (full 1):
 def new generation   total 5888K, used 5351K [0x04800000, 0x04e60000, 0x09d50000)
  eden space 5248K, 100% used [0x04800000, 0x04d20000, 0x04d20000)
  from space 640K,  16% used [0x04dc0000, 0x04dd9c78, 0x04e60000)
  to   space 640K,   0% used [0x04d20000, 0x04d20000, 0x04dc0000)
 tenured generation   total 12948K, used 7768K [0x09d50000, 0x0a9f5000, 0x14800000)
   the space 12948K,  59% used [0x09d50000, 0x0a4e6238, 0x0a4e6400, 0x0a9f5000)
 Metaspace       used 11418K, capacity 11548K, committed 11648K, reserved 11648K
Event: 43.310 GC heap after
Heap after GC invocations=11 (full 1):
 def new generation   total 5888K, used 146K [0x04800000, 0x04e60000, 0x09d50000)
  eden space 5248K,   0% used [0x04800000, 0x04800000, 0x04d20000)
  from space 640K,  22% used [0x04d20000, 0x04d44990, 0x04dc0000)
  to   space 640K,   0% used [0x04dc0000, 0x04dc0000, 0x04e60000)
 tenured generation   total 12948K, used 7768K [0x09d50000, 0x0a9f5000, 0x14800000)
   the space 12948K,  59% used [0x09d50000, 0x0a4e6238, 0x0a4e6400, 0x0a9f5000)
 Metaspace       used 11418K, capacity 11548K, committed 11648K, reserved 11648K
}

