# JRE version: Java(TM) SE Runtime Environment (8.0_25-b18) (build 1.8.0_25-b18)
# Java VM: Java HotSpot(TM) Client VM (25.25-b02 mixed mode windows-x86 )
Heap:
 def new generation   total 5888K, used 3191K [0x04800000, 0x04e60000, 0x09d50000)
  eden space 5248K,  58% used [0x04800000, 0x04b05f58, 0x04d20000)
  from space 640K,  15% used [0x04dc0000, 0x04dd8010, 0x04e60000)
  to   space 640K,   0% used [0x04d20000, 0x04d20000, 0x04dc0000)
 tenured generation   total 12928K, used 7755K [0x09d50000, 0x0a9f0000, 0x14800000)
   the space 12928K,  59% used [0x09d50000, 0x0a4e2fc8, 0x0a4e3000, 0x0a9f0000)
 Metaspace       used 11628K, capacity 11777K, committed 11904K, reserved 12672K
GC Heap History (10 events):
Event: 60.964 GC heap before
{Heap before GC invocations=10 (full 1):
 def new generation   total 5888K, used 5481K [0x04800000, 0x04e60000, 0x09d50000)
  eden space 5248K, 100% used [0x04800000, 0x04d20000, 0x04d20000)
  from space 640K,  36% used [0x04d20000, 0x04d5a4f8, 0x04dc0000)
  to   space 640K,   0% used [0x04dc0000, 0x04dc0000, 0x04e60000)
 tenured generation   total 12928K, used 7755K [0x09d50000, 0x0a9f0000, 0x14800000)
   the space 12928K,  59% used [0x09d50000, 0x0a4e2fc8, 0x0a4e3000, 0x0a9f0000)
 Metaspace       used 11619K, capacity 11743K, committed 11904K, reserved 12672K
Event: 60.965 GC heap after
Heap after GC invocations=11 (full 1):
 def new generation   total 5888K, used 91K [0x04800000, 0x04e60000, 0x09d50000)
  eden space 5248K,   0% used [0x04800000, 0x04800000, 0x04d20000)
  from space 640K,  14% used [0x04dc0000, 0x04dd6c20, 0x04e60000)
  to   space 640K,   0% used [0x04d20000, 0x04d20000, 0x04dc0000)
 tenured generation   total 12928K, used 7755K [0x09d50000, 0x0a9f0000, 0x14800000)
   the space 12928K,  59% used [0x09d50000, 0x0a4e2fc8, 0x0a4e3000, 0x0a9f0000)
 Metaspace       used 11619K, capacity 11743K, committed 11904K, reserved 12672K
}
Event: 67.240 GC heap before
{Heap before GC invocations=11 (full 1):
 def new generation   total 5888K, used 5339K [0x04800000, 0x04e60000, 0x09d50000)
  eden space 5248K, 100% used [0x04800000, 0x04d20000, 0x04d20000)
  from space 640K,  14% used [0x04dc0000, 0x04dd6c20, 0x04e60000)
  to   space 640K,   0% used [0x04d20000, 0x04d20000, 0x04dc0000)
 tenured generation   total 12928K, used 7755K [0x09d50000, 0x0a9f0000, 0x14800000)
   the space 12928K,  59% used [0x09d50000, 0x0a4e2fc8, 0x0a4e3000, 0x0a9f0000)
 Metaspace       used 11619K, capacity 11743K, committed 11904K, reserved 12672K
Event: 67.241 GC heap after
Heap after GC invocations=12 (full 1):
 def new generation   total 5888K, used 94K [0x04800000, 0x04e60000, 0x09d50000)
  eden space 5248K,   0% used [0x04800000, 0x04800000, 0x04d20000)
  from space 640K,  14% used [0x04d20000, 0x04d37a90, 0x04dc0000)
  to   space 640K,   0% used [0x04dc0000, 0x04dc0000, 0x04e60000)
 tenured generation   total 12928K, used 7755K [0x09d50000, 0x0a9f0000, 0x14800000)
   the space 12928K,  59% used [0x09d50000, 0x0a4e2fc8, 0x0a4e3000, 0x0a9f0000)
 Metaspace       used 11619K, capacity 11743K, committed 11904K, reserved 12672K
}
Event: 73.514 GC heap before
{Heap before GC invocations=12 (full 1):
 def new generation   total 5888K, used 5342K [0x04800000, 0x04e60000, 0x09d50000)
  eden space 5248K, 100% used [0x04800000, 0x04d20000, 0x04d20000)
  from space 640K,  14% used [0x04d20000, 0x04d37a90, 0x04dc0000)
  to   space 640K,   0% used [0x04dc0000, 0x04dc0000, 0x04e60000)
 tenured generation   total 12928K, used 7755K [0x09d50000, 0x0a9f0000, 0x14800000)
   the space 12928K,  59% used [0x09d50000, 0x0a4e2fc8, 0x0a4e3000, 0x0a9f0000)
 Metaspace       used 11619K, capacity 11743K, committed 11904K, reserved 12672K
Event: 73.515 GC heap after
Heap after GC invocations=13 (full 1):
 def new generation   total 5888K, used 105K [0x04800000, 0x04e60000, 0x09d50000)
  eden space 5248K,   0% used [0x04800000, 0x04800000, 0x04d20000)
  from space 640K,  16% used [0x04dc0000, 0x04dda4d8, 0x04e60000)
  to   space 640K,   0% used [0x04d20000, 0x04d20000, 0x04dc0000)
 tenured generation   total 12928K, used 7755K [0x09d50000, 0x0a9f0000, 0x14800000)
   the space 12928K,  59% used [0x09d50000, 0x0a4e2fc8, 0x0a4e3000, 0x0a9f0000)
 Metaspace       used 11619K, capacity 11743K, committed 11904K, reserved 12672K
}
Event: 79.035 GC heap before
{Heap before GC invocations=13 (full 1):
 def new generation   total 5888K, used 5353K [0x04800000, 0x04e60000, 0x09d50000)
  eden space 5248K, 100% used [0x04800000, 0x04d20000, 0x04d20000)
  from space 640K,  16% used [0x04dc0000, 0x04dda4d8, 0x04e60000)
  to   space 640K,   0% used [0x04d20000, 0x04d20000, 0x04dc0000)
 tenured generation   total 12928K, used 7755K [0x09d50000, 0x0a9f0000, 0x14800000)
   the space 12928K,  59% used [0x09d50000, 0x0a4e2fc8, 0x0a4e3000, 0x0a9f0000)
 Metaspace       used 11625K, capacity 11775K, committed 11904K, reserved 12672K
Event: 79.036 GC heap after
Heap after GC invocations=14 (full 1):
 def new generation   total 5888K, used 84K [0x04800000, 0x04e60000, 0x09d50000)
  eden space 5248K,   0% used [0x04800000, 0x04800000, 0x04d20000)
  from space 640K,  13% used [0x04d20000, 0x04d351d0, 0x04dc0000)
  to   space 640K,   0% used [0x04dc0000, 0x04dc0000, 0x04e60000)
 tenured generation   total 12928K, used 7755K [0x09d50000, 0x0a9f0000, 0x14800000)
   the space 12928K,  59% used [0x09d50000, 0x0a4e2fc8, 0x0a4e3000, 0x0a9f0000)
 Metaspace       used 11625K, capacity 11775K, committed 11904K, reserved 12672K
}
Event: 84.809 GC heap before
{Heap before GC invocations=14 (full 1):
 def new generation   total 5888K, used 5332K [0x04800000, 0x04e60000, 0x09d50000)
  eden space 5248K, 100% used [0x04800000, 0x04d20000, 0x04d20000)
  from space 640K,  13% used [0x04d20000, 0x04d351d0, 0x04dc0000)
  to   space 640K,   0% used [0x04dc0000, 0x04dc0000, 0x04e60000)
 tenured generation   total 12928K, used 7755K [0x09d50000, 0x0a9f0000, 0x14800000)
   the space 12928K,  59% used [0x09d50000, 0x0a4e2fc8, 0x0a4e3000, 0x0a9f0000)
 Metaspace       used 11625K, capacity 11775K, committed 11904K, reserved 12672K
Event: 84.811 GC heap after
Heap after GC invocations=15 (full 1):
 def new generation   total 5888K, used 96K [0x04800000, 0x04e60000, 0x09d50000)
  eden space 5248K,   0% used [0x04800000, 0x04800000, 0x04d20000)
  from space 640K,  15% used [0x04dc0000, 0x04dd8010, 0x04e60000)
  to   space 640K,   0% used [0x04d20000, 0x04d20000, 0x04dc0000)
 tenured generation   total 12928K, used 7755K [0x09d50000, 0x0a9f0000, 0x14800000)
   the space 12928K,  59% used [0x09d50000, 0x0a4e2fc8, 0x0a4e3000, 0x0a9f0000)
 Metaspace       used 11625K, capacity 11775K, committed 11904K, reserved 12672K
}

