# JRE version: Java(TM) SE Runtime Environment (8.0_25-b18) (build 1.8.0_25-b18)
# Java VM: Java HotSpot(TM) Client VM (25.25-b02 mixed mode windows-x86 )
Heap:
 def new generation   total 5888K, used 2595K [0x04800000, 0x04e60000, 0x09d50000)
  eden space 5248K,  47% used [0x04800000, 0x04a6b9a8, 0x04d20000)
  from space 640K,  18% used [0x04dc0000, 0x04ddd2b0, 0x04e60000)
  to   space 640K,   0% used [0x04d20000, 0x04d20000, 0x04dc0000)
 tenured generation   total 12976K, used 7784K [0x09d50000, 0x0a9fc000, 0x14800000)
   the space 12976K,  59% used [0x09d50000, 0x0a4ea1b0, 0x0a4ea200, 0x0a9fc000)
 Metaspace       used 11370K, capacity 11521K, committed 11648K, reserved 11648K
GC Heap History (10 events):
Event: 3.912 GC heap before
{Heap before GC invocations=3 (full 0):
 def new generation   total 4928K, used 4928K [0x04800000, 0x04d50000, 0x09d50000)
  eden space 4416K, 100% used [0x04800000, 0x04c50000, 0x04c50000)
  from space 512K, 100% used [0x04cd0000, 0x04d50000, 0x04d50000)
  to   space 512K,   0% used [0x04c50000, 0x04c50000, 0x04cd0000)
 tenured generation   total 10944K, used 5011K [0x09d50000, 0x0a800000, 0x14800000)
   the space 10944K,  45% used [0x09d50000, 0x0a234c70, 0x0a234e00, 0x0a800000)
 Metaspace       used 10414K, capacity 10521K, committed 10624K, reserved 10624K
Event: 3.921 GC heap after
Heap after GC invocations=4 (full 0):
 def new generation   total 4928K, used 512K [0x04800000, 0x04d50000, 0x09d50000)
  eden space 4416K,   0% used [0x04800000, 0x04800000, 0x04c50000)
  from space 512K, 100% used [0x04c50000, 0x04cd0000, 0x04cd0000)
  to   space 512K,   0% used [0x04cd0000, 0x04cd0000, 0x04d50000)
 tenured generation   total 10944K, used 7385K [0x09d50000, 0x0a800000, 0x14800000)
   the space 10944K,  67% used [0x09d50000, 0x0a4866b8, 0x0a486800, 0x0a800000)
 Metaspace       used 10414K, capacity 10521K, committed 10624K, reserved 10624K
}
Event: 31.407 GC heap before
{Heap before GC invocations=4 (full 0):
 def new generation   total 4928K, used 4928K [0x04800000, 0x04d50000, 0x09d50000)
  eden space 4416K, 100% used [0x04800000, 0x04c50000, 0x04c50000)
  from space 512K, 100% used [0x04c50000, 0x04cd0000, 0x04cd0000)
  to   space 512K,   0% used [0x04cd0000, 0x04cd0000, 0x04d50000)
 tenured generation   total 10944K, used 7385K [0x09d50000, 0x0a800000, 0x14800000)
   the space 10944K,  67% used [0x09d50000, 0x0a4866b8, 0x0a486800, 0x0a800000)
 Metaspace       used 10889K, capacity 11006K, committed 11136K, reserved 11648K
Event: 31.411 GC heap after
Heap after GC invocations=5 (full 0):
 def new generation   total 4928K, used 512K [0x04800000, 0x04d50000, 0x09d50000)
  eden space 4416K,   0% used [0x04800000, 0x04800000, 0x04c50000)
  from space 512K, 100% used [0x04cd0000, 0x04d50000, 0x04d50000)
  to   space 512K,   0% used [0x04c50000, 0x04c50000, 0x04cd0000)
 tenured generation   total 10944K, used 9037K [0x09d50000, 0x0a800000, 0x14800000)
   the space 10944K,  82% used [0x09d50000, 0x0a623790, 0x0a623800, 0x0a800000)
 Metaspace       used 10889K, capacity 11006K, committed 11136K, reserved 11648K
}
Event: 31.538 GC heap before
{Heap before GC invocations=5 (full 0):
 def new generation   total 4928K, used 4597K [0x04800000, 0x04d50000, 0x09d50000)
  eden space 4416K,  92% used [0x04800000, 0x04bfd7e8, 0x04c50000)
  from space 512K, 100% used [0x04cd0000, 0x04d50000, 0x04d50000)
  to   space 512K,   0% used [0x04c50000, 0x04c50000, 0x04cd0000)
 tenured generation   total 10944K, used 9037K [0x09d50000, 0x0a800000, 0x14800000)
   the space 10944K,  82% used [0x09d50000, 0x0a623790, 0x0a623800, 0x0a800000)
 Metaspace       used 11282K, capacity 11395K, committed 11520K, reserved 11648K
Event: 31.540 GC heap after
Heap after GC invocations=6 (full 0):
 def new generation   total 4928K, used 458K [0x04800000, 0x04d50000, 0x09d50000)
  eden space 4416K,   0% used [0x04800000, 0x04800000, 0x04c50000)
  from space 512K,  89% used [0x04c50000, 0x04cc2ba0, 0x04cd0000)
  to   space 512K,   0% used [0x04cd0000, 0x04cd0000, 0x04d50000)
 tenured generation   total 10944K, used 9381K [0x09d50000, 0x0a800000, 0x14800000)
   the space 10944K,  85% used [0x09d50000, 0x0a679520, 0x0a679600, 0x0a800000)
 Metaspace       used 11282K, capacity 11395K, committed 11520K, reserved 11648K
}
Event: 31.914 GC heap before
{Heap before GC invocations=6 (full 0):
 def new generation   total 4928K, used 4874K [0x04800000, 0x04d50000, 0x09d50000)
  eden space 4416K, 100% used [0x04800000, 0x04c50000, 0x04c50000)
  from space 512K,  89% used [0x04c50000, 0x04cc2ba0, 0x04cd0000)
  to   space 512K,   0% used [0x04cd0000, 0x04cd0000, 0x04d50000)
 tenured generation   total 10944K, used 9381K [0x09d50000, 0x0a800000, 0x14800000)
   the space 10944K,  85% used [0x09d50000, 0x0a679520, 0x0a679600, 0x0a800000)
 Metaspace       used 11393K, capacity 11554K, committed 11648K, reserved 11648K
Event: 31.931 GC heap after
Heap after GC invocations=7 (full 1):
 def new generation   total 5888K, used 0K [0x04800000, 0x04e60000, 0x09d50000)
  eden space 5248K,   0% used [0x04800000, 0x04800000, 0x04d20000)
  from space 640K,   0% used [0x04d20000, 0x04d20000, 0x04dc0000)
  to   space 640K,   0% used [0x04dc0000, 0x04dc0000, 0x04e60000)
 tenured generation   total 12976K, used 7784K [0x09d50000, 0x0a9fc000, 0x14800000)
   the space 12976K,  59% used [0x09d50000, 0x0a4ea1b0, 0x0a4ea200, 0x0a9fc000)
 Metaspace       used 11364K, capacity 11516K, committed 11648K, reserved 11648K
}
Event: 36.743 GC heap before
{Heap before GC invocations=7 (full 1):
 def new generation   total 5888K, used 5248K [0x04800000, 0x04e60000, 0x09d50000)
  eden space 5248K, 100% used [0x04800000, 0x04d20000, 0x04d20000)
  from space 640K,   0% used [0x04d20000, 0x04d20000, 0x04dc0000)
  to   space 640K,   0% used [0x04dc0000, 0x04dc0000, 0x04e60000)
 tenured generation   total 12976K, used 7784K [0x09d50000, 0x0a9fc000, 0x14800000)
   the space 12976K,  59% used [0x09d50000, 0x0a4ea1b0, 0x0a4ea200, 0x0a9fc000)
 Metaspace       used 11365K, capacity 11516K, committed 11648K, reserved 11648K
Event: 36.745 GC heap after
Heap after GC invocations=8 (full 1):
 def new generation   total 5888K, used 116K [0x04800000, 0x04e60000, 0x09d50000)
  eden space 5248K,   0% used [0x04800000, 0x04800000, 0x04d20000)
  from space 640K,  18% used [0x04dc0000, 0x04ddd2b0, 0x04e60000)
  to   space 640K,   0% used [0x04d20000, 0x04d20000, 0x04dc0000)
 tenured generation   total 12976K, used 7784K [0x09d50000, 0x0a9fc000, 0x14800000)
   the space 12976K,  59% used [0x09d50000, 0x0a4ea1b0, 0x0a4ea200, 0x0a9fc000)
 Metaspace       used 11365K, capacity 11516K, committed 11648K, reserved 11648K
}

