# JRE version: Java(TM) SE Runtime Environment (8.0_25-b18) (build 1.8.0_25-b18)
# Java VM: Java HotSpot(TM) Client VM (25.25-b02 mixed mode windows-x86 )
Heap:
 def new generation   total 6912K, used 3166K [0x04800000, 0x04f80000, 0x09d50000)
  eden space 6144K,  49% used [0x04800000, 0x04afb660, 0x04e00000)
  from space 768K,  14% used [0x04ec0000, 0x04edc3b0, 0x04f80000)
  to   space 768K,   0% used [0x04e00000, 0x04e00000, 0x04ec0000)
 tenured generation   total 15160K, used 9094K [0x09d50000, 0x0ac1e000, 0x14800000)
   the space 15160K,  59% used [0x09d50000, 0x0a631b28, 0x0a631c00, 0x0ac1e000)
 Metaspace       used 11654K, capacity 11782K, committed 11904K, reserved 12672K
GC Heap History (10 events):
Event: 10.756 GC heap before
{Heap before GC invocations=3 (full 0):
 def new generation   total 4928K, used 4531K [0x04800000, 0x04d50000, 0x09d50000)
  eden space 4416K,  91% used [0x04800000, 0x04becf88, 0x04c50000)
  from space 512K, 100% used [0x04cd0000, 0x04d50000, 0x04d50000)
  to   space 512K,   0% used [0x04c50000, 0x04c50000, 0x04cd0000)
 tenured generation   total 10944K, used 4627K [0x09d50000, 0x0a800000, 0x14800000)
   the space 10944K,  42% used [0x09d50000, 0x0a1d4c60, 0x0a1d4e00, 0x0a800000)
 Metaspace       used 10216K, capacity 10329K, committed 10496K, reserved 10624K
Event: 10.764 GC heap after
Heap after GC invocations=4 (full 0):
 def new generation   total 4928K, used 512K [0x04800000, 0x04d50000, 0x09d50000)
  eden space 4416K,   0% used [0x04800000, 0x04800000, 0x04c50000)
  from space 512K, 100% used [0x04c50000, 0x04cd0000, 0x04cd0000)
  to   space 512K,   0% used [0x04cd0000, 0x04cd0000, 0x04d50000)
 tenured generation   total 10944K, used 6645K [0x09d50000, 0x0a800000, 0x14800000)
   the space 10944K,  60% used [0x09d50000, 0x0a3cd4e0, 0x0a3cd600, 0x0a800000)
 Metaspace       used 10216K, capacity 10329K, committed 10496K, reserved 10624K
}
Event: 16.242 GC heap before
{Heap before GC invocations=4 (full 0):
 def new generation   total 4928K, used 4921K [0x04800000, 0x04d50000, 0x09d50000)
  eden space 4416K,  99% used [0x04800000, 0x04c4e400, 0x04c50000)
  from space 512K, 100% used [0x04c50000, 0x04cd0000, 0x04cd0000)
  to   space 512K,   0% used [0x04cd0000, 0x04cd0000, 0x04d50000)
 tenured generation   total 10944K, used 6645K [0x09d50000, 0x0a800000, 0x14800000)
   the space 10944K,  60% used [0x09d50000, 0x0a3cd4e0, 0x0a3cd600, 0x0a800000)
 Metaspace       used 11048K, capacity 11168K, committed 11264K, reserved 11648K
Event: 16.246 GC heap after
Heap after GC invocations=5 (full 0):
 def new generation   total 4928K, used 512K [0x04800000, 0x04d50000, 0x09d50000)
  eden space 4416K,   0% used [0x04800000, 0x04800000, 0x04c50000)
  from space 512K, 100% used [0x04cd0000, 0x04d50000, 0x04d50000)
  to   space 512K,   0% used [0x04c50000, 0x04c50000, 0x04cd0000)
 tenured generation   total 10944K, used 8759K [0x09d50000, 0x0a800000, 0x14800000)
   the space 10944K,  80% used [0x09d50000, 0x0a5ddc98, 0x0a5dde00, 0x0a800000)
 Metaspace       used 11048K, capacity 11168K, committed 11264K, reserved 11648K
}
Event: 16.429 GC heap before
{Heap before GC invocations=5 (full 0):
 def new generation   total 4928K, used 4928K [0x04800000, 0x04d50000, 0x09d50000)
  eden space 4416K, 100% used [0x04800000, 0x04c50000, 0x04c50000)
  from space 512K, 100% used [0x04cd0000, 0x04d50000, 0x04d50000)
  to   space 512K,   0% used [0x04c50000, 0x04c50000, 0x04cd0000)
 tenured generation   total 10944K, used 8759K [0x09d50000, 0x0a800000, 0x14800000)
   the space 10944K,  80% used [0x09d50000, 0x0a5ddc98, 0x0a5dde00, 0x0a800000)
 Metaspace       used 11478K, capacity 11619K, committed 11776K, reserved 12672K
Event: 16.431 GC heap after
Heap after GC invocations=6 (full 0):
 def new generation   total 4928K, used 512K [0x04800000, 0x04d50000, 0x09d50000)
  eden space 4416K,   0% used [0x04800000, 0x04800000, 0x04c50000)
  from space 512K, 100% used [0x04c50000, 0x04cd0000, 0x04cd0000)
  to   space 512K,   0% used [0x04cd0000, 0x04cd0000, 0x04d50000)
 tenured generation   total 10944K, used 9248K [0x09d50000, 0x0a800000, 0x14800000)
   the space 10944K,  84% used [0x09d50000, 0x0a6583a0, 0x0a658400, 0x0a800000)
 Metaspace       used 11478K, capacity 11619K, committed 11776K, reserved 12672K
}
Event: 16.574 GC heap before
{Heap before GC invocations=6 (full 0):
 def new generation   total 4928K, used 4928K [0x04800000, 0x04d50000, 0x09d50000)
  eden space 4416K, 100% used [0x04800000, 0x04c50000, 0x04c50000)
  from space 512K, 100% used [0x04c50000, 0x04cd0000, 0x04cd0000)
  to   space 512K,   0% used [0x04cd0000, 0x04cd0000, 0x04d50000)
 tenured generation   total 10944K, used 9248K [0x09d50000, 0x0a800000, 0x14800000)
   the space 10944K,  84% used [0x09d50000, 0x0a6583a0, 0x0a658400, 0x0a800000)
 Metaspace       used 11623K, capacity 11788K, committed 11904K, reserved 12672K
Event: 16.593 GC heap after
Heap after GC invocations=7 (full 1):
 def new generation   total 6912K, used 0K [0x04800000, 0x04f80000, 0x09d50000)
  eden space 6144K,   0% used [0x04800000, 0x04800000, 0x04e00000)
  from space 768K,   0% used [0x04e00000, 0x04e00000, 0x04ec0000)
  to   space 768K,   0% used [0x04ec0000, 0x04ec0000, 0x04f80000)
 tenured generation   total 15160K, used 9094K [0x09d50000, 0x0ac1e000, 0x14800000)
   the space 15160K,  59% used [0x09d50000, 0x0a631b28, 0x0a631c00, 0x0ac1e000)
 Metaspace       used 11593K, capacity 11748K, committed 11904K, reserved 12672K
}
Event: 23.590 GC heap before
{Heap before GC invocations=7 (full 1):
 def new generation   total 6912K, used 6144K [0x04800000, 0x04f80000, 0x09d50000)
  eden space 6144K, 100% used [0x04800000, 0x04e00000, 0x04e00000)
  from space 768K,   0% used [0x04e00000, 0x04e00000, 0x04ec0000)
  to   space 768K,   0% used [0x04ec0000, 0x04ec0000, 0x04f80000)
 tenured generation   total 15160K, used 9094K [0x09d50000, 0x0ac1e000, 0x14800000)
   the space 15160K,  59% used [0x09d50000, 0x0a631b28, 0x0a631c00, 0x0ac1e000)
 Metaspace       used 11650K, capacity 11780K, committed 11904K, reserved 12672K
Event: 23.592 GC heap after
Heap after GC invocations=8 (full 1):
 def new generation   total 6912K, used 112K [0x04800000, 0x04f80000, 0x09d50000)
  eden space 6144K,   0% used [0x04800000, 0x04800000, 0x04e00000)
  from space 768K,  14% used [0x04ec0000, 0x04edc3b0, 0x04f80000)
  to   space 768K,   0% used [0x04e00000, 0x04e00000, 0x04ec0000)
 tenured generation   total 15160K, used 9094K [0x09d50000, 0x0ac1e000, 0x14800000)
   the space 15160K,  59% used [0x09d50000, 0x0a631b28, 0x0a631c00, 0x0ac1e000)
 Metaspace       used 11650K, capacity 11780K, committed 11904K, reserved 12672K
}

