# JRE version: Java(TM) SE Runtime Environment (8.0_25-b18) (build 1.8.0_25-b18)
# Java VM: Java HotSpot(TM) Client VM (25.25-b02 mixed mode windows-x86 )
Heap:
 def new generation   total 5632K, used 630K [0x04800000, 0x04e10000, 0x09d50000)
  eden space 5056K,   6% used [0x04800000, 0x048568b0, 0x04cf0000)
  from space 576K,  49% used [0x04cf0000, 0x04d36f50, 0x04d80000)
  to   space 576K,   0% used [0x04d80000, 0x04d80000, 0x04e10000)
 tenured generation   total 12244K, used 8604K [0x09d50000, 0x0a945000, 0x14800000)
   the space 12244K,  70% used [0x09d50000, 0x0a5b73f0, 0x0a5b7400, 0x0a945000)
 Metaspace       used 11612K, capacity 11743K, committed 11904K, reserved 12672K
GC Heap History (10 events):
Event: 132.518 GC heap before
{Heap before GC invocations=8 (full 1):
 def new generation   total 5632K, used 5539K [0x04800000, 0x04e10000, 0x09d50000)
  eden space 5056K, 100% used [0x04800000, 0x04cf0000, 0x04cf0000)
  from space 576K,  83% used [0x04d80000, 0x04df8dc0, 0x04e10000)
  to   space 576K,   0% used [0x04cf0000, 0x04cf0000, 0x04d80000)
 tenured generation   total 12244K, used 7344K [0x09d50000, 0x0a945000, 0x14800000)
   the space 12244K,  59% used [0x09d50000, 0x0a47c388, 0x0a47c400, 0x0a945000)
 Metaspace       used 11602K, capacity 11740K, committed 11904K, reserved 12672K
Event: 132.519 GC heap after
Heap after GC invocations=9 (full 1):
 def new generation   total 5632K, used 69K [0x04800000, 0x04e10000, 0x09d50000)
  eden space 5056K,   0% used [0x04800000, 0x04800000, 0x04cf0000)
  from space 576K,  12% used [0x04cf0000, 0x04d014b8, 0x04d80000)
  to   space 576K,   0% used [0x04d80000, 0x04d80000, 0x04e10000)
 tenured generation   total 12244K, used 8604K [0x09d50000, 0x0a945000, 0x14800000)
   the space 12244K,  70% used [0x09d50000, 0x0a5b73f0, 0x0a5b7400, 0x0a945000)
 Metaspace       used 11602K, capacity 11740K, committed 11904K, reserved 12672K
}
Event: 138.040 GC heap before
{Heap before GC invocations=9 (full 1):
 def new generation   total 5632K, used 5125K [0x04800000, 0x04e10000, 0x09d50000)
  eden space 5056K, 100% used [0x04800000, 0x04cf0000, 0x04cf0000)
  from space 576K,  12% used [0x04cf0000, 0x04d014b8, 0x04d80000)
  to   space 576K,   0% used [0x04d80000, 0x04d80000, 0x04e10000)
 tenured generation   total 12244K, used 8604K [0x09d50000, 0x0a945000, 0x14800000)
   the space 12244K,  70% used [0x09d50000, 0x0a5b73f0, 0x0a5b7400, 0x0a945000)
 Metaspace       used 11602K, capacity 11740K, committed 11904K, reserved 12672K
Event: 138.041 GC heap after
Heap after GC invocations=10 (full 1):
 def new generation   total 5632K, used 151K [0x04800000, 0x04e10000, 0x09d50000)
  eden space 5056K,   0% used [0x04800000, 0x04800000, 0x04cf0000)
  from space 576K,  26% used [0x04d80000, 0x04da5ca0, 0x04e10000)
  to   space 576K,   0% used [0x04cf0000, 0x04cf0000, 0x04d80000)
 tenured generation   total 12244K, used 8604K [0x09d50000, 0x0a945000, 0x14800000)
   the space 12244K,  70% used [0x09d50000, 0x0a5b73f0, 0x0a5b7400, 0x0a945000)
 Metaspace       used 11602K, capacity 11740K, committed 11904K, reserved 12672K
}
Event: 144.063 GC heap before
{Heap before GC invocations=10 (full 1):
 def new generation   total 5632K, used 5207K [0x04800000, 0x04e10000, 0x09d50000)
  eden space 5056K, 100% used [0x04800000, 0x04cf0000, 0x04cf0000)
  from space 576K,  26% used [0x04d80000, 0x04da5ca0, 0x04e10000)
  to   space 576K,   0% used [0x04cf0000, 0x04cf0000, 0x04d80000)
 tenured generation   total 12244K, used 8604K [0x09d50000, 0x0a945000, 0x14800000)
   the space 12244K,  70% used [0x09d50000, 0x0a5b73f0, 0x0a5b7400, 0x0a945000)
 Metaspace       used 11602K, capacity 11740K, committed 11904K, reserved 12672K
Event: 144.064 GC heap after
Heap after GC invocations=11 (full 1):
 def new generation   total 5632K, used 156K [0x04800000, 0x04e10000, 0x09d50000)
  eden space 5056K,   0% used [0x04800000, 0x04800000, 0x04cf0000)
  from space 576K,  27% used [0x04cf0000, 0x04d17398, 0x04d80000)
  to   space 576K,   0% used [0x04d80000, 0x04d80000, 0x04e10000)
 tenured generation   total 12244K, used 8604K [0x09d50000, 0x0a945000, 0x14800000)
   the space 12244K,  70% used [0x09d50000, 0x0a5b73f0, 0x0a5b7400, 0x0a945000)
 Metaspace       used 11602K, capacity 11740K, committed 11904K, reserved 12672K
}
Event: 150.087 GC heap before
{Heap before GC invocations=11 (full 1):
 def new generation   total 5632K, used 5212K [0x04800000, 0x04e10000, 0x09d50000)
  eden space 5056K, 100% used [0x04800000, 0x04cf0000, 0x04cf0000)
  from space 576K,  27% used [0x04cf0000, 0x04d17398, 0x04d80000)
  to   space 576K,   0% used [0x04d80000, 0x04d80000, 0x04e10000)
 tenured generation   total 12244K, used 8604K [0x09d50000, 0x0a945000, 0x14800000)
   the space 12244K,  70% used [0x09d50000, 0x0a5b73f0, 0x0a5b7400, 0x0a945000)
 Metaspace       used 11602K, capacity 11740K, committed 11904K, reserved 12672K
Event: 150.088 GC heap after
Heap after GC invocations=12 (full 1):
 def new generation   total 5632K, used 154K [0x04800000, 0x04e10000, 0x09d50000)
  eden space 5056K,   0% used [0x04800000, 0x04800000, 0x04cf0000)
  from space 576K,  26% used [0x04d80000, 0x04da6be8, 0x04e10000)
  to   space 576K,   0% used [0x04cf0000, 0x04cf0000, 0x04d80000)
 tenured generation   total 12244K, used 8604K [0x09d50000, 0x0a945000, 0x14800000)
   the space 12244K,  70% used [0x09d50000, 0x0a5b73f0, 0x0a5b7400, 0x0a945000)
 Metaspace       used 11602K, capacity 11740K, committed 11904K, reserved 12672K
}
Event: 155.798 GC heap before
{Heap before GC invocations=12 (full 1):
 def new generation   total 5632K, used 5210K [0x04800000, 0x04e10000, 0x09d50000)
  eden space 5056K, 100% used [0x04800000, 0x04cf0000, 0x04cf0000)
  from space 576K,  26% used [0x04d80000, 0x04da6be8, 0x04e10000)
  to   space 576K,   0% used [0x04cf0000, 0x04cf0000, 0x04d80000)
 tenured generation   total 12244K, used 8604K [0x09d50000, 0x0a945000, 0x14800000)
   the space 12244K,  70% used [0x09d50000, 0x0a5b73f0, 0x0a5b7400, 0x0a945000)
 Metaspace       used 11609K, capacity 11740K, committed 11904K, reserved 12672K
Event: 155.800 GC heap after
Heap after GC invocations=13 (full 1):
 def new generation   total 5632K, used 283K [0x04800000, 0x04e10000, 0x09d50000)
  eden space 5056K,   0% used [0x04800000, 0x04800000, 0x04cf0000)
  from space 576K,  49% used [0x04cf0000, 0x04d36f50, 0x04d80000)
  to   space 576K,   0% used [0x04d80000, 0x04d80000, 0x04e10000)
 tenured generation   total 12244K, used 8604K [0x09d50000, 0x0a945000, 0x14800000)
   the space 12244K,  70% used [0x09d50000, 0x0a5b73f0, 0x0a5b7400, 0x0a945000)
 Metaspace       used 11609K, capacity 11740K, committed 11904K, reserved 12672K
}

