# JRE version: Java(TM) SE Runtime Environment (8.0_25-b18) (build 1.8.0_25-b18)
# Java VM: Java HotSpot(TM) Client VM (25.25-b02 mixed mode windows-x86 )
Heap:
 def new generation   total 5952K, used 4518K [0x04800000, 0x04e70000, 0x09d50000)
  eden space 5312K,  80% used [0x04800000, 0x04c31308, 0x04d30000)
  from space 640K,  35% used [0x04dd0000, 0x04e08848, 0x04e70000)
  to   space 640K,   0% used [0x04d30000, 0x04d30000, 0x04dd0000)
 tenured generation   total 13012K, used 7805K [0x09d50000, 0x0aa05000, 0x14800000)
   the space 13012K,  59% used [0x09d50000, 0x0a4ef618, 0x0a4ef800, 0x0aa05000)
 Metaspace       used 11606K, capacity 11743K, committed 11904K, reserved 12672K
GC Heap History (10 events):
Event: 4.277 GC heap before
{Heap before GC invocations=3 (full 0):
 def new generation   total 4928K, used 4928K [0x04800000, 0x04d50000, 0x09d50000)
  eden space 4416K, 100% used [0x04800000, 0x04c50000, 0x04c50000)
  from space 512K, 100% used [0x04cd0000, 0x04d50000, 0x04d50000)
  to   space 512K,   0% used [0x04c50000, 0x04c50000, 0x04cd0000)
 tenured generation   total 10944K, used 4998K [0x09d50000, 0x0a800000, 0x14800000)
   the space 10944K,  45% used [0x09d50000, 0x0a231be0, 0x0a231c00, 0x0a800000)
 Metaspace       used 10414K, capacity 10521K, committed 10624K, reserved 10624K
Event: 4.283 GC heap after
Heap after GC invocations=4 (full 0):
 def new generation   total 4928K, used 512K [0x04800000, 0x04d50000, 0x09d50000)
  eden space 4416K,   0% used [0x04800000, 0x04800000, 0x04c50000)
  from space 512K, 100% used [0x04c50000, 0x04cd0000, 0x04cd0000)
  to   space 512K,   0% used [0x04cd0000, 0x04cd0000, 0x04d50000)
 tenured generation   total 10944K, used 7382K [0x09d50000, 0x0a800000, 0x14800000)
   the space 10944K,  67% used [0x09d50000, 0x0a485868, 0x0a485a00, 0x0a800000)
 Metaspace       used 10414K, capacity 10521K, committed 10624K, reserved 10624K
}
Event: 23.243 GC heap before
{Heap before GC invocations=4 (full 0):
 def new generation   total 4928K, used 4928K [0x04800000, 0x04d50000, 0x09d50000)
  eden space 4416K, 100% used [0x04800000, 0x04c50000, 0x04c50000)
  from space 512K, 100% used [0x04c50000, 0x04cd0000, 0x04cd0000)
  to   space 512K,   0% used [0x04cd0000, 0x04cd0000, 0x04d50000)
 tenured generation   total 10944K, used 7382K [0x09d50000, 0x0a800000, 0x14800000)
   the space 10944K,  67% used [0x09d50000, 0x0a485868, 0x0a485a00, 0x0a800000)
 Metaspace       used 11165K, capacity 11264K, committed 11392K, reserved 11648K
Event: 23.247 GC heap after
Heap after GC invocations=5 (full 0):
 def new generation   total 4928K, used 512K [0x04800000, 0x04d50000, 0x09d50000)
  eden space 4416K,   0% used [0x04800000, 0x04800000, 0x04c50000)
  from space 512K, 100% used [0x04cd0000, 0x04d50000, 0x04d50000)
  to   space 512K,   0% used [0x04c50000, 0x04c50000, 0x04cd0000)
 tenured generation   total 10944K, used 8990K [0x09d50000, 0x0a800000, 0x14800000)
   the space 10944K,  82% used [0x09d50000, 0x0a617938, 0x0a617a00, 0x0a800000)
 Metaspace       used 11165K, capacity 11264K, committed 11392K, reserved 11648K
}
Event: 23.385 GC heap before
{Heap before GC invocations=5 (full 0):
 def new generation   total 4928K, used 4298K [0x04800000, 0x04d50000, 0x09d50000)
  eden space 4416K,  85% used [0x04800000, 0x04bb2900, 0x04c50000)
  from space 512K, 100% used [0x04cd0000, 0x04d50000, 0x04d50000)
  to   space 512K,   0% used [0x04c50000, 0x04c50000, 0x04cd0000)
 tenured generation   total 10944K, used 10004K [0x09d50000, 0x0a800000, 0x14800000)
   the space 10944K,  91% used [0x09d50000, 0x0a7150d8, 0x0a715200, 0x0a800000)
 Metaspace       used 11490K, capacity 11619K, committed 11776K, reserved 12672K
Event: 23.388 GC heap after
Heap after GC invocations=6 (full 0):
 def new generation   total 4928K, used 443K [0x04800000, 0x04d50000, 0x09d50000)
  eden space 4416K,   0% used [0x04800000, 0x04800000, 0x04c50000)
  from space 512K,  86% used [0x04c50000, 0x04cbef60, 0x04cd0000)
  to   space 512K,   0% used [0x04cd0000, 0x04cd0000, 0x04d50000)
 tenured generation   total 10944K, used 10428K [0x09d50000, 0x0a800000, 0x14800000)
   the space 10944K,  95% used [0x09d50000, 0x0a77f080, 0x0a77f200, 0x0a800000)
 Metaspace       used 11490K, capacity 11619K, committed 11776K, reserved 12672K
}
Event: 26.625 GC heap before
{Heap before GC invocations=6 (full 0):
 def new generation   total 4928K, used 4859K [0x04800000, 0x04d50000, 0x09d50000)
  eden space 4416K, 100% used [0x04800000, 0x04c50000, 0x04c50000)
  from space 512K,  86% used [0x04c50000, 0x04cbef60, 0x04cd0000)
  to   space 512K,   0% used [0x04cd0000, 0x04cd0000, 0x04d50000)
 tenured generation   total 10944K, used 10428K [0x09d50000, 0x0a800000, 0x14800000)
   the space 10944K,  95% used [0x09d50000, 0x0a77f080, 0x0a77f200, 0x0a800000)
 Metaspace       used 11623K, capacity 11768K, committed 11904K, reserved 12672K
Event: 26.656 GC heap after
Heap after GC invocations=7 (full 1):
 def new generation   total 5952K, used 0K [0x04800000, 0x04e70000, 0x09d50000)
  eden space 5312K,   0% used [0x04800000, 0x04800000, 0x04d30000)
  from space 640K,   0% used [0x04d30000, 0x04d30000, 0x04dd0000)
  to   space 640K,   0% used [0x04dd0000, 0x04dd0000, 0x04e70000)
 tenured generation   total 13012K, used 7805K [0x09d50000, 0x0aa05000, 0x14800000)
   the space 13012K,  59% used [0x09d50000, 0x0a4ef618, 0x0a4ef800, 0x0aa05000)
 Metaspace       used 11603K, capacity 11740K, committed 11904K, reserved 12672K
}
Event: 31.314 GC heap before
{Heap before GC invocations=7 (full 1):
 def new generation   total 5952K, used 5312K [0x04800000, 0x04e70000, 0x09d50000)
  eden space 5312K, 100% used [0x04800000, 0x04d30000, 0x04d30000)
  from space 640K,   0% used [0x04d30000, 0x04d30000, 0x04dd0000)
  to   space 640K,   0% used [0x04dd0000, 0x04dd0000, 0x04e70000)
 tenured generation   total 13012K, used 7805K [0x09d50000, 0x0aa05000, 0x14800000)
   the space 13012K,  59% used [0x09d50000, 0x0a4ef618, 0x0a4ef800, 0x0aa05000)
 Metaspace       used 11603K, capacity 11740K, committed 11904K, reserved 12672K
Event: 31.316 GC heap after
Heap after GC invocations=8 (full 1):
 def new generation   total 5952K, used 226K [0x04800000, 0x04e70000, 0x09d50000)
  eden space 5312K,   0% used [0x04800000, 0x04800000, 0x04d30000)
  from space 640K,  35% used [0x04dd0000, 0x04e08848, 0x04e70000)
  to   space 640K,   0% used [0x04d30000, 0x04d30000, 0x04dd0000)
 tenured generation   total 13012K, used 7805K [0x09d50000, 0x0aa05000, 0x14800000)
   the space 13012K,  59% used [0x09d50000, 0x0a4ef618, 0x0a4ef800, 0x0aa05000)
 Metaspace       used 11603K, capacity 11740K, committed 11904K, reserved 12672K
}

