# JRE version: Java(TM) SE Runtime Environment (8.0_25-b18) (build 1.8.0_25-b18)
# Java VM: Java HotSpot(TM) Client VM (25.25-b02 mixed mode windows-x86 )
Heap:
 def new generation   total 5888K, used 4031K [0x04800000, 0x04e60000, 0x09d50000)
  eden space 5248K,  76% used [0x04800000, 0x04befd00, 0x04d20000)
  from space 640K,   0% used [0x04d20000, 0x04d20000, 0x04dc0000)
  to   space 640K,   0% used [0x04dc0000, 0x04dc0000, 0x04e60000)
 tenured generation   total 12956K, used 7771K [0x09d50000, 0x0a9f7000, 0x14800000)
   the space 12956K,  59% used [0x09d50000, 0x0a4e6ed8, 0x0a4e7000, 0x0a9f7000)
 Metaspace       used 11364K, capacity 11492K, committed 11648K, reserved 11648K
GC Heap History (10 events):
Event: 13.154 GC heap before
{Heap before GC invocations=3 (full 0):
 def new generation   total 4928K, used 4928K [0x04800000, 0x04d50000, 0x09d50000)
  eden space 4416K, 100% used [0x04800000, 0x04c50000, 0x04c50000)
  from space 512K, 100% used [0x04cd0000, 0x04d50000, 0x04d50000)
  to   space 512K,   0% used [0x04c50000, 0x04c50000, 0x04cd0000)
 tenured generation   total 10944K, used 4818K [0x09d50000, 0x0a800000, 0x14800000)
   the space 10944K,  44% used [0x09d50000, 0x0a204b78, 0x0a204c00, 0x0a800000)
 Metaspace       used 10162K, capacity 10265K, committed 10368K, reserved 10624K
Event: 13.159 GC heap after
Heap after GC invocations=4 (full 0):
 def new generation   total 4928K, used 512K [0x04800000, 0x04d50000, 0x09d50000)
  eden space 4416K,   0% used [0x04800000, 0x04800000, 0x04c50000)
  from space 512K, 100% used [0x04c50000, 0x04cd0000, 0x04cd0000)
  to   space 512K,   0% used [0x04cd0000, 0x04cd0000, 0x04d50000)
 tenured generation   total 10944K, used 7260K [0x09d50000, 0x0a800000, 0x14800000)
   the space 10944K,  66% used [0x09d50000, 0x0a467090, 0x0a467200, 0x0a800000)
 Metaspace       used 10162K, capacity 10265K, committed 10368K, reserved 10624K
}
Event: 16.213 GC heap before
{Heap before GC invocations=4 (full 0):
 def new generation   total 4928K, used 4911K [0x04800000, 0x04d50000, 0x09d50000)
  eden space 4416K,  99% used [0x04800000, 0x04c4bc88, 0x04c50000)
  from space 512K, 100% used [0x04c50000, 0x04cd0000, 0x04cd0000)
  to   space 512K,   0% used [0x04cd0000, 0x04cd0000, 0x04d50000)
 tenured generation   total 10944K, used 7260K [0x09d50000, 0x0a800000, 0x14800000)
   the space 10944K,  66% used [0x09d50000, 0x0a467090, 0x0a467200, 0x0a800000)
 Metaspace       used 10798K, capacity 10910K, committed 11008K, reserved 11648K
Event: 16.219 GC heap after
Heap after GC invocations=5 (full 0):
 def new generation   total 4928K, used 512K [0x04800000, 0x04d50000, 0x09d50000)
  eden space 4416K,   0% used [0x04800000, 0x04800000, 0x04c50000)
  from space 512K, 100% used [0x04cd0000, 0x04d50000, 0x04d50000)
  to   space 512K,   0% used [0x04c50000, 0x04c50000, 0x04cd0000)
 tenured generation   total 10944K, used 8816K [0x09d50000, 0x0a800000, 0x14800000)
   the space 10944K,  80% used [0x09d50000, 0x0a5ec260, 0x0a5ec400, 0x0a800000)
 Metaspace       used 10798K, capacity 10910K, committed 11008K, reserved 11648K
}
Event: 16.406 GC heap before
{Heap before GC invocations=5 (full 0):
 def new generation   total 4928K, used 4665K [0x04800000, 0x04d50000, 0x09d50000)
  eden space 4416K,  94% used [0x04800000, 0x04c0e448, 0x04c50000)
  from space 512K, 100% used [0x04cd0000, 0x04d50000, 0x04d50000)
  to   space 512K,   0% used [0x04c50000, 0x04c50000, 0x04cd0000)
 tenured generation   total 10944K, used 8816K [0x09d50000, 0x0a800000, 0x14800000)
   the space 10944K,  80% used [0x09d50000, 0x0a5ec260, 0x0a5ec400, 0x0a800000)
 Metaspace       used 11240K, capacity 11363K, committed 11520K, reserved 11648K
Event: 16.408 GC heap after
Heap after GC invocations=6 (full 0):
 def new generation   total 4928K, used 507K [0x04800000, 0x04d50000, 0x09d50000)
  eden space 4416K,   0% used [0x04800000, 0x04800000, 0x04c50000)
  from space 512K,  99% used [0x04c50000, 0x04ccee98, 0x04cd0000)
  to   space 512K,   0% used [0x04cd0000, 0x04cd0000, 0x04d50000)
 tenured generation   total 10944K, used 9136K [0x09d50000, 0x0a800000, 0x14800000)
   the space 10944K,  83% used [0x09d50000, 0x0a63c280, 0x0a63c400, 0x0a800000)
 Metaspace       used 11240K, capacity 11363K, committed 11520K, reserved 11648K
}
Event: 16.537 GC heap before
{Heap before GC invocations=6 (full 0):
 def new generation   total 4928K, used 4923K [0x04800000, 0x04d50000, 0x09d50000)
  eden space 4416K, 100% used [0x04800000, 0x04c50000, 0x04c50000)
  from space 512K,  99% used [0x04c50000, 0x04ccee98, 0x04cd0000)
  to   space 512K,   0% used [0x04cd0000, 0x04cd0000, 0x04d50000)
 tenured generation   total 10944K, used 9136K [0x09d50000, 0x0a800000, 0x14800000)
   the space 10944K,  83% used [0x09d50000, 0x0a63c280, 0x0a63c400, 0x0a800000)
 Metaspace       used 11387K, capacity 11537K, committed 11648K, reserved 11648K
Event: 16.541 GC heap after
Heap after GC invocations=7 (full 0):
 def new generation   total 4928K, used 332K [0x04800000, 0x04d50000, 0x09d50000)
  eden space 4416K,   0% used [0x04800000, 0x04800000, 0x04c50000)
  from space 512K,  64% used [0x04cd0000, 0x04d23058, 0x04d50000)
  to   space 512K,   0% used [0x04c50000, 0x04c50000, 0x04cd0000)
 tenured generation   total 10944K, used 10815K [0x09d50000, 0x0a800000, 0x14800000)
   the space 10944K,  98% used [0x09d50000, 0x0a7dfe58, 0x0a7e0000, 0x0a800000)
 Metaspace       used 11387K, capacity 11537K, committed 11648K, reserved 11648K
}
Event: 21.310 GC heap before
{Heap before GC invocations=7 (full 0):
 def new generation   total 4928K, used 4748K [0x04800000, 0x04d50000, 0x09d50000)
  eden space 4416K, 100% used [0x04800000, 0x04c50000, 0x04c50000)
  from space 512K,  64% used [0x04cd0000, 0x04d23058, 0x04d50000)
  to   space 512K,   0% used [0x04c50000, 0x04c50000, 0x04cd0000)
 tenured generation   total 10944K, used 10815K [0x09d50000, 0x0a800000, 0x14800000)
   the space 10944K,  98% used [0x09d50000, 0x0a7dfe58, 0x0a7e0000, 0x0a800000)
 Metaspace       used 11398K, capacity 11537K, committed 11648K, reserved 11648K
Event: 21.325 GC heap after
Heap after GC invocations=8 (full 1):
 def new generation   total 5888K, used 0K [0x04800000, 0x04e60000, 0x09d50000)
  eden space 5248K,   0% used [0x04800000, 0x04800000, 0x04d20000)
  from space 640K,   0% used [0x04d20000, 0x04d20000, 0x04dc0000)
  to   space 640K,   0% used [0x04dc0000, 0x04dc0000, 0x04e60000)
 tenured generation   total 12956K, used 7771K [0x09d50000, 0x0a9f7000, 0x14800000)
   the space 12956K,  59% used [0x09d50000, 0x0a4e6ed8, 0x0a4e7000, 0x0a9f7000)
 Metaspace       used 11361K, capacity 11489K, committed 11648K, reserved 11648K
}

