# JRE version: Java(TM) SE Runtime Environment (8.0_25-b18) (build 1.8.0_25-b18)
# Java VM: Java HotSpot(TM) Client VM (25.25-b02 mixed mode windows-x86 )
Heap:
 def new generation   total 6080K, used 168K [0x04800000, 0x04e90000, 0x09d50000)
  eden space 5440K,   2% used [0x04800000, 0x0481e058, 0x04d50000)
  from space 640K,   7% used [0x04d50000, 0x04d5c138, 0x04df0000)
  to   space 640K,   0% used [0x04df0000, 0x04df0000, 0x04e90000)
 tenured generation   total 13316K, used 8705K [0x09d50000, 0x0aa51000, 0x14800000)
   the space 13316K,  65% used [0x09d50000, 0x0a5d0550, 0x0a5d0600, 0x0aa51000)
 Metaspace       used 11591K, capacity 11743K, committed 11904K, reserved 12672K
GC Heap History (10 events):
Event: 125.146 GC heap before
{Heap before GC invocations=11 (full 1):
 def new generation   total 6080K, used 2541K [0x04800000, 0x04e90000, 0x09d50000)
  eden space 5440K,  44% used [0x04800000, 0x04a5b430, 0x04d50000)
  from space 640K,  20% used [0x04d50000, 0x04d70380, 0x04df0000)
  to   space 640K,   0% used [0x04df0000, 0x04df0000, 0x04e90000)
 tenured generation   total 13316K, used 9511K [0x09d50000, 0x0aa51000, 0x14800000)
   the space 13316K,  71% used [0x09d50000, 0x0a699e28, 0x0a69a000, 0x0aa51000)
 Metaspace       used 11598K, capacity 11753K, committed 11904K, reserved 12672K
Event: 125.163 GC heap after
Heap after GC invocations=12 (full 2):
 def new generation   total 6080K, used 0K [0x04800000, 0x04e90000, 0x09d50000)
  eden space 5440K,   0% used [0x04800000, 0x04800000, 0x04d50000)
  from space 640K,   0% used [0x04d50000, 0x04d50000, 0x04df0000)
  to   space 640K,   0% used [0x04df0000, 0x04df0000, 0x04e90000)
 tenured generation   total 13316K, used 7530K [0x09d50000, 0x0aa51000, 0x14800000)
   the space 13316K,  56% used [0x09d50000, 0x0a4aa940, 0x0a4aaa00, 0x0aa51000)
 Metaspace       used 11590K, capacity 11743K, committed 11904K, reserved 12672K
}
Event: 153.687 GC heap before
{Heap before GC invocations=12 (full 2):
 def new generation   total 6080K, used 5440K [0x04800000, 0x04e90000, 0x09d50000)
  eden space 5440K, 100% used [0x04800000, 0x04d50000, 0x04d50000)
  from space 640K,   0% used [0x04d50000, 0x04d50000, 0x04df0000)
  to   space 640K,   0% used [0x04df0000, 0x04df0000, 0x04e90000)
 tenured generation   total 13316K, used 7530K [0x09d50000, 0x0aa51000, 0x14800000)
   the space 13316K,  56% used [0x09d50000, 0x0a4aa940, 0x0a4aaa00, 0x0aa51000)
 Metaspace       used 11591K, capacity 11743K, committed 11904K, reserved 12672K
Event: 153.688 GC heap after
Heap after GC invocations=13 (full 2):
 def new generation   total 6080K, used 104K [0x04800000, 0x04e90000, 0x09d50000)
  eden space 5440K,   0% used [0x04800000, 0x04800000, 0x04d50000)
  from space 640K,  16% used [0x04df0000, 0x04e0a298, 0x04e90000)
  to   space 640K,   0% used [0x04d50000, 0x04d50000, 0x04df0000)
 tenured generation   total 13316K, used 8705K [0x09d50000, 0x0aa51000, 0x14800000)
   the space 13316K,  65% used [0x09d50000, 0x0a5d0550, 0x0a5d0600, 0x0aa51000)
 Metaspace       used 11591K, capacity 11743K, committed 11904K, reserved 12672K
}
Event: 193.227 GC heap before
{Heap before GC invocations=13 (full 2):
 def new generation   total 6080K, used 5544K [0x04800000, 0x04e90000, 0x09d50000)
  eden space 5440K, 100% used [0x04800000, 0x04d50000, 0x04d50000)
  from space 640K,  16% used [0x04df0000, 0x04e0a298, 0x04e90000)
  to   space 640K,   0% used [0x04d50000, 0x04d50000, 0x04df0000)
 tenured generation   total 13316K, used 8705K [0x09d50000, 0x0aa51000, 0x14800000)
   the space 13316K,  65% used [0x09d50000, 0x0a5d0550, 0x0a5d0600, 0x0aa51000)
 Metaspace       used 11591K, capacity 11743K, committed 11904K, reserved 12672K
Event: 193.228 GC heap after
Heap after GC invocations=14 (full 2):
 def new generation   total 6080K, used 48K [0x04800000, 0x04e90000, 0x09d50000)
  eden space 5440K,   0% used [0x04800000, 0x04800000, 0x04d50000)
  from space 640K,   7% used [0x04d50000, 0x04d5c160, 0x04df0000)
  to   space 640K,   0% used [0x04df0000, 0x04df0000, 0x04e90000)
 tenured generation   total 13316K, used 8705K [0x09d50000, 0x0aa51000, 0x14800000)
   the space 13316K,  65% used [0x09d50000, 0x0a5d0550, 0x0a5d0600, 0x0aa51000)
 Metaspace       used 11591K, capacity 11743K, committed 11904K, reserved 12672K
}
Event: 232.786 GC heap before
{Heap before GC invocations=14 (full 2):
 def new generation   total 6080K, used 5488K [0x04800000, 0x04e90000, 0x09d50000)
  eden space 5440K, 100% used [0x04800000, 0x04d50000, 0x04d50000)
  from space 640K,   7% used [0x04d50000, 0x04d5c160, 0x04df0000)
  to   space 640K,   0% used [0x04df0000, 0x04df0000, 0x04e90000)
 tenured generation   total 13316K, used 8705K [0x09d50000, 0x0aa51000, 0x14800000)
   the space 13316K,  65% used [0x09d50000, 0x0a5d0550, 0x0a5d0600, 0x0aa51000)
 Metaspace       used 11591K, capacity 11743K, committed 11904K, reserved 12672K
Event: 232.787 GC heap after
Heap after GC invocations=15 (full 2):
 def new generation   total 6080K, used 49K [0x04800000, 0x04e90000, 0x09d50000)
  eden space 5440K,   0% used [0x04800000, 0x04800000, 0x04d50000)
  from space 640K,   7% used [0x04df0000, 0x04dfc5f0, 0x04e90000)
  to   space 640K,   0% used [0x04d50000, 0x04d50000, 0x04df0000)
 tenured generation   total 13316K, used 8705K [0x09d50000, 0x0aa51000, 0x14800000)
   the space 13316K,  65% used [0x09d50000, 0x0a5d0550, 0x0a5d0600, 0x0aa51000)
 Metaspace       used 11591K, capacity 11743K, committed 11904K, reserved 12672K
}
Event: 272.421 GC heap before
{Heap before GC invocations=15 (full 2):
 def new generation   total 6080K, used 5489K [0x04800000, 0x04e90000, 0x09d50000)
  eden space 5440K, 100% used [0x04800000, 0x04d50000, 0x04d50000)
  from space 640K,   7% used [0x04df0000, 0x04dfc5f0, 0x04e90000)
  to   space 640K,   0% used [0x04d50000, 0x04d50000, 0x04df0000)
 tenured generation   total 13316K, used 8705K [0x09d50000, 0x0aa51000, 0x14800000)
   the space 13316K,  65% used [0x09d50000, 0x0a5d0550, 0x0a5d0600, 0x0aa51000)
 Metaspace       used 11591K, capacity 11743K, committed 11904K, reserved 12672K
Event: 272.422 GC heap after
Heap after GC invocations=16 (full 2):
 def new generation   total 6080K, used 48K [0x04800000, 0x04e90000, 0x09d50000)
  eden space 5440K,   0% used [0x04800000, 0x04800000, 0x04d50000)
  from space 640K,   7% used [0x04d50000, 0x04d5c138, 0x04df0000)
  to   space 640K,   0% used [0x04df0000, 0x04df0000, 0x04e90000)
 tenured generation   total 13316K, used 8705K [0x09d50000, 0x0aa51000, 0x14800000)
   the space 13316K,  65% used [0x09d50000, 0x0a5d0550, 0x0a5d0600, 0x0aa51000)
 Metaspace       used 11591K, capacity 11743K, committed 11904K, reserved 12672K
}

